2020-10-05 13:20:55,599:INFO:PyCaret Regression Module
2020-10-05 13:20:55,600:INFO:version 2.1.2
2020-10-05 13:20:55,600:INFO:Initializing setup()
2020-10-05 13:20:55,600:INFO:USI: 75ea
2020-10-05 13:20:55,600:INFO:setup(data=(1338, 7), target=charges, train_size=0.7, sampling=True, sample_estimator=None, categorical_features=None, categorical_imputation=constant, ordinal_features=None,
                    high_cardinality_features=None, high_cardinality_method=frequency, numeric_features=None, numeric_imputation=mean, date_features=None, ignore_features=None, normalize=True,
                    normalize_method=zscore, transformation=False, transformation_method=yeo-johnson, handle_unknown_categorical=True, unknown_categorical_method=least_frequent, pca=False, pca_method=linear,
                    pca_components=None, ignore_low_variance=False, combine_rare_levels=False, rare_level_threshold=0.1, bin_numeric_features=['age', 'bmi'], remove_outliers=False, outliers_threshold=0.05,
                    remove_multicollinearity=False, multicollinearity_threshold=0.9, remove_perfect_collinearity=False, create_clusters=False, cluster_iter=20,
                    polynomial_features=True, polynomial_degree=2, trigonometry_features=True, polynomial_threshold=0.1, group_features=None,
                    group_names=None, feature_selection=False, feature_selection_threshold=0.8, feature_interaction=True, feature_ratio=False, interaction_threshold=0.01, transform_target=False,
                    transform_target_method=box-cox, data_split_shuffle=True, folds_shuffle=False, n_jobs=-1, html=True, session_id=123, log_experiment=False,
                    experiment_name=None, log_plots=False, log_profile=False, log_data=False, silent=False, verbose=True, profile=False)
2020-10-05 13:20:55,600:INFO:Checking environment
2020-10-05 13:20:55,601:INFO:python_version: 3.8.3
2020-10-05 13:20:55,601:INFO:python_build: ('default', 'Jul  2 2020 17:30:36')
2020-10-05 13:20:55,601:INFO:machine: AMD64
2020-10-05 13:20:55,601:INFO:platform: Windows-10-10.0.19041-SP0
2020-10-05 13:20:55,630:INFO:Memory: svmem(total=12717510656, available=4953878528, percent=61.0, used=7763632128, free=4953878528)
2020-10-05 13:20:55,630:INFO:Physical Core: 6
2020-10-05 13:20:55,630:INFO:Logical Core: 12
2020-10-05 13:20:55,630:INFO:Checking libraries
2020-10-05 13:20:55,630:INFO:pd==1.0.5
2020-10-05 13:20:55,630:INFO:numpy==1.18.5
2020-10-05 13:20:56,570:INFO:sklearn==0.23.1
2020-10-05 13:20:57,362:INFO:xgboost==1.2.0
2020-10-05 13:20:57,505:INFO:lightgbm==3.0.0
2020-10-05 13:20:57,593:INFO:catboost==0.24.1
2020-10-05 13:20:59,093:INFO:mlflow==1.11.0
2020-10-05 13:20:59,093:INFO:Checking Exceptions
2020-10-05 13:20:59,093:INFO:Preloading libraries
2020-10-05 13:20:59,094:INFO:Preparing display monitor
2020-10-05 13:20:59,107:INFO:Importing libraries
2020-10-05 13:21:00,338:INFO:Declaring global variables
2020-10-05 13:21:00,338:INFO:Copying data for preprocessing
2020-10-05 13:21:00,381:INFO:Declaring preprocessing parameters
2020-10-05 13:21:00,381:INFO:Importing preprocessing module
2020-10-05 13:21:01,538:INFO:Creating preprocessing pipeline
2020-10-05 13:21:05,509:INFO:Preprocessing pipeline created successfully
2020-10-05 13:21:05,545:INFO:No inverse transformer found
2020-10-05 13:21:05,545:INFO:Creating grid variables
2020-10-05 13:21:05,547:INFO:Creating global containers
2020-10-05 13:21:05,656:INFO:create_model_container: 0
2020-10-05 13:21:05,657:INFO:master_model_container: 0
2020-10-05 13:21:05,657:INFO:display_container: 0
2020-10-05 13:21:05,657:INFO:setup() succesfully completed......................................
2020-10-05 13:23:24,530:INFO:Initializing compare_models()
2020-10-05 13:23:24,530:INFO:compare_models(exclude=None, include=None, fold=10, round=4, sort=R2, n_select=1, turbo=True, verbose=True)
2020-10-05 13:23:24,530:INFO:Checking exceptions
2020-10-05 13:23:24,530:INFO:Preloading libraries
2020-10-05 13:23:24,530:INFO:Preparing display monitor
2020-10-05 13:23:24,635:INFO:Copying training dataset
2020-10-05 13:23:24,636:INFO:Importing libraries
2020-10-05 13:23:24,652:INFO:Importing untrained models
2020-10-05 13:23:24,653:INFO:Import successful
2020-10-05 13:23:24,658:INFO:Defining folds
2020-10-05 13:23:24,659:INFO:Declaring metric variables
2020-10-05 13:23:24,659:INFO:Initializing Linear Regression
2020-10-05 13:23:24,665:INFO:Initializing Fold 1
2020-10-05 13:23:24,665:INFO:Total runtime is 9.740591049194336e-05 minutes
2020-10-05 13:23:24,670:INFO:Fitting Model
2020-10-05 13:23:24,712:INFO:Evaluating Metrics
2020-10-05 13:23:24,715:INFO:No inverse transformer found
2020-10-05 13:23:24,715:INFO:Compiling Metrics
2020-10-05 13:23:24,720:INFO:Initializing Fold 2
2020-10-05 13:23:24,721:INFO:Total runtime is 0.0010241389274597168 minutes
2020-10-05 13:23:24,726:INFO:Fitting Model
2020-10-05 13:23:24,729:INFO:Evaluating Metrics
2020-10-05 13:23:24,732:INFO:No inverse transformer found
2020-10-05 13:23:24,732:INFO:Compiling Metrics
2020-10-05 13:23:24,737:INFO:Initializing Fold 3
2020-10-05 13:23:24,738:INFO:Total runtime is 0.0012992620468139648 minutes
2020-10-05 13:23:24,746:INFO:Fitting Model
2020-10-05 13:23:24,751:INFO:Evaluating Metrics
2020-10-05 13:23:24,753:INFO:No inverse transformer found
2020-10-05 13:23:24,753:INFO:Compiling Metrics
2020-10-05 13:23:24,763:INFO:Initializing Fold 4
2020-10-05 13:23:24,764:INFO:Total runtime is 0.001749273141225179 minutes
2020-10-05 13:23:24,769:INFO:Fitting Model
2020-10-05 13:23:24,774:INFO:Evaluating Metrics
2020-10-05 13:23:24,776:INFO:No inverse transformer found
2020-10-05 13:23:24,776:INFO:Compiling Metrics
2020-10-05 13:23:24,782:INFO:Initializing Fold 5
2020-10-05 13:23:24,783:INFO:Total runtime is 0.002049275239308675 minutes
2020-10-05 13:23:24,787:INFO:Fitting Model
2020-10-05 13:23:24,792:INFO:Evaluating Metrics
2020-10-05 13:23:24,794:INFO:No inverse transformer found
2020-10-05 13:23:24,795:INFO:Compiling Metrics
2020-10-05 13:23:24,801:INFO:Initializing Fold 6
2020-10-05 13:23:24,801:INFO:Total runtime is 0.0023659467697143555 minutes
2020-10-05 13:23:24,808:INFO:Fitting Model
2020-10-05 13:23:24,813:INFO:Evaluating Metrics
2020-10-05 13:23:24,816:INFO:No inverse transformer found
2020-10-05 13:23:24,816:INFO:Compiling Metrics
2020-10-05 13:23:24,824:INFO:Initializing Fold 7
2020-10-05 13:23:24,824:INFO:Total runtime is 0.002749339739481608 minutes
2020-10-05 13:23:24,832:INFO:Fitting Model
2020-10-05 13:23:24,837:INFO:Evaluating Metrics
2020-10-05 13:23:24,840:INFO:No inverse transformer found
2020-10-05 13:23:24,840:INFO:Compiling Metrics
2020-10-05 13:23:24,848:INFO:Initializing Fold 8
2020-10-05 13:23:24,849:INFO:Total runtime is 0.003165956338246663 minutes
2020-10-05 13:23:24,853:INFO:Fitting Model
2020-10-05 13:23:24,858:INFO:Evaluating Metrics
2020-10-05 13:23:24,861:INFO:No inverse transformer found
2020-10-05 13:23:24,861:INFO:Compiling Metrics
2020-10-05 13:23:24,869:INFO:Initializing Fold 9
2020-10-05 13:23:24,869:INFO:Total runtime is 0.0034992853800455727 minutes
2020-10-05 13:23:24,875:INFO:Fitting Model
2020-10-05 13:23:24,881:INFO:Evaluating Metrics
2020-10-05 13:23:24,883:INFO:No inverse transformer found
2020-10-05 13:23:24,883:INFO:Compiling Metrics
2020-10-05 13:23:24,889:INFO:Initializing Fold 10
2020-10-05 13:23:24,889:INFO:Total runtime is 0.0038326501846313475 minutes
2020-10-05 13:23:24,897:INFO:Fitting Model
2020-10-05 13:23:24,901:INFO:Evaluating Metrics
2020-10-05 13:23:24,903:INFO:No inverse transformer found
2020-10-05 13:23:24,903:INFO:Compiling Metrics
2020-10-05 13:23:24,909:INFO:Calculating mean and std
2020-10-05 13:23:24,910:INFO:Creating metrics dataframe
2020-10-05 13:23:24,920:INFO:Initializing Lasso Regression
2020-10-05 13:23:24,929:INFO:Initializing Fold 1
2020-10-05 13:23:24,930:INFO:Total runtime is 0.004516001542409261 minutes
2020-10-05 13:23:24,936:INFO:Fitting Model
2020-10-05 13:23:24,976:INFO:Evaluating Metrics
2020-10-05 13:23:24,977:INFO:No inverse transformer found
2020-10-05 13:23:24,977:INFO:Compiling Metrics
2020-10-05 13:23:24,982:INFO:Initializing Fold 2
2020-10-05 13:23:24,983:INFO:Total runtime is 0.00539927879969279 minutes
2020-10-05 13:23:24,987:INFO:Fitting Model
2020-10-05 13:23:25,017:INFO:Evaluating Metrics
2020-10-05 13:23:25,018:INFO:No inverse transformer found
2020-10-05 13:23:25,018:INFO:Compiling Metrics
2020-10-05 13:23:25,024:INFO:Initializing Fold 3
2020-10-05 13:23:25,024:INFO:Total runtime is 0.006076343854268392 minutes
2020-10-05 13:23:25,030:INFO:Fitting Model
2020-10-05 13:23:25,065:INFO:Evaluating Metrics
2020-10-05 13:23:25,067:INFO:No inverse transformer found
2020-10-05 13:23:25,067:INFO:Compiling Metrics
2020-10-05 13:23:25,073:INFO:Initializing Fold 4
2020-10-05 13:23:25,074:INFO:Total runtime is 0.00691916545232137 minutes
2020-10-05 13:23:25,082:INFO:Fitting Model
2020-10-05 13:23:25,125:INFO:Evaluating Metrics
2020-10-05 13:23:25,128:INFO:No inverse transformer found
2020-10-05 13:23:25,128:INFO:Compiling Metrics
2020-10-05 13:23:25,136:INFO:Initializing Fold 5
2020-10-05 13:23:25,136:INFO:Total runtime is 0.007944929599761962 minutes
2020-10-05 13:23:25,142:INFO:Fitting Model
2020-10-05 13:23:25,180:INFO:Evaluating Metrics
2020-10-05 13:23:25,183:INFO:No inverse transformer found
2020-10-05 13:23:25,183:INFO:Compiling Metrics
2020-10-05 13:23:25,191:INFO:Initializing Fold 6
2020-10-05 13:23:25,192:INFO:Total runtime is 0.00888309876124064 minutes
2020-10-05 13:23:25,197:INFO:Fitting Model
2020-10-05 13:23:25,233:INFO:Evaluating Metrics
2020-10-05 13:23:25,234:INFO:No inverse transformer found
2020-10-05 13:23:25,234:INFO:Compiling Metrics
2020-10-05 13:23:25,240:INFO:Initializing Fold 7
2020-10-05 13:23:25,241:INFO:Total runtime is 0.009694751103719075 minutes
2020-10-05 13:23:25,247:INFO:Fitting Model
2020-10-05 13:23:25,283:INFO:Evaluating Metrics
2020-10-05 13:23:25,285:INFO:No inverse transformer found
2020-10-05 13:23:25,285:INFO:Compiling Metrics
2020-10-05 13:23:25,290:INFO:Initializing Fold 8
2020-10-05 13:23:25,291:INFO:Total runtime is 0.010528035958607991 minutes
2020-10-05 13:23:25,297:INFO:Fitting Model
2020-10-05 13:23:25,333:INFO:Evaluating Metrics
2020-10-05 13:23:25,336:INFO:No inverse transformer found
2020-10-05 13:23:25,336:INFO:Compiling Metrics
2020-10-05 13:23:25,344:INFO:Initializing Fold 9
2020-10-05 13:23:25,344:INFO:Total runtime is 0.011411348978678385 minutes
2020-10-05 13:23:25,349:INFO:Fitting Model
2020-10-05 13:23:25,377:INFO:Evaluating Metrics
2020-10-05 13:23:25,379:INFO:No inverse transformer found
2020-10-05 13:23:25,379:INFO:Compiling Metrics
2020-10-05 13:23:25,384:INFO:Initializing Fold 10
2020-10-05 13:23:25,384:INFO:Total runtime is 0.012077999114990233 minutes
2020-10-05 13:23:25,390:INFO:Fitting Model
2020-10-05 13:23:25,423:INFO:Evaluating Metrics
2020-10-05 13:23:25,426:INFO:No inverse transformer found
2020-10-05 13:23:25,427:INFO:Compiling Metrics
2020-10-05 13:23:25,434:INFO:Calculating mean and std
2020-10-05 13:23:25,435:INFO:Creating metrics dataframe
2020-10-05 13:23:25,444:INFO:Initializing Ridge Regression
2020-10-05 13:23:25,451:INFO:Initializing Fold 1
2020-10-05 13:23:25,452:INFO:Total runtime is 0.013211631774902343 minutes
2020-10-05 13:23:25,457:INFO:Fitting Model
2020-10-05 13:23:25,466:INFO:Evaluating Metrics
2020-10-05 13:23:25,467:INFO:No inverse transformer found
2020-10-05 13:23:25,467:INFO:Compiling Metrics
2020-10-05 13:23:25,473:INFO:Initializing Fold 2
2020-10-05 13:23:25,474:INFO:Total runtime is 0.01357803742090861 minutes
2020-10-05 13:23:25,482:INFO:Fitting Model
2020-10-05 13:23:25,485:INFO:Evaluating Metrics
2020-10-05 13:23:25,487:INFO:No inverse transformer found
2020-10-05 13:23:25,487:INFO:Compiling Metrics
2020-10-05 13:23:25,496:INFO:Initializing Fold 3
2020-10-05 13:23:25,497:INFO:Total runtime is 0.013964613278706867 minutes
2020-10-05 13:23:25,503:INFO:Fitting Model
2020-10-05 13:23:25,507:INFO:Evaluating Metrics
2020-10-05 13:23:25,508:INFO:No inverse transformer found
2020-10-05 13:23:25,508:INFO:Compiling Metrics
2020-10-05 13:23:25,518:INFO:Initializing Fold 4
2020-10-05 13:23:25,519:INFO:Total runtime is 0.014331320921579996 minutes
2020-10-05 13:23:25,528:INFO:Fitting Model
2020-10-05 13:23:25,532:INFO:Evaluating Metrics
2020-10-05 13:23:25,535:INFO:No inverse transformer found
2020-10-05 13:23:25,535:INFO:Compiling Metrics
2020-10-05 13:23:25,546:INFO:Initializing Fold 5
2020-10-05 13:23:25,548:INFO:Total runtime is 0.014814643065134683 minutes
2020-10-05 13:23:25,558:INFO:Fitting Model
2020-10-05 13:23:25,564:INFO:Evaluating Metrics
2020-10-05 13:23:25,567:INFO:No inverse transformer found
2020-10-05 13:23:25,567:INFO:Compiling Metrics
2020-10-05 13:23:25,578:INFO:Initializing Fold 6
2020-10-05 13:23:25,579:INFO:Total runtime is 0.015331351757049558 minutes
2020-10-05 13:23:25,587:INFO:Fitting Model
2020-10-05 13:23:25,594:INFO:Evaluating Metrics
2020-10-05 13:23:25,599:INFO:No inverse transformer found
2020-10-05 13:23:25,600:INFO:Compiling Metrics
2020-10-05 13:23:25,613:INFO:Initializing Fold 7
2020-10-05 13:23:25,615:INFO:Total runtime is 0.015931355953216552 minutes
2020-10-05 13:23:25,629:INFO:Fitting Model
2020-10-05 13:23:25,634:INFO:Evaluating Metrics
2020-10-05 13:23:25,637:INFO:No inverse transformer found
2020-10-05 13:23:25,637:INFO:Compiling Metrics
2020-10-05 13:23:25,649:INFO:Initializing Fold 8
2020-10-05 13:23:25,649:INFO:Total runtime is 0.016497957706451415 minutes
2020-10-05 13:23:25,655:INFO:Fitting Model
2020-10-05 13:23:25,659:INFO:Evaluating Metrics
2020-10-05 13:23:25,663:INFO:No inverse transformer found
2020-10-05 13:23:25,663:INFO:Compiling Metrics
2020-10-05 13:23:25,669:INFO:Initializing Fold 9
2020-10-05 13:23:25,669:INFO:Total runtime is 0.01683127482732137 minutes
2020-10-05 13:23:25,676:INFO:Fitting Model
2020-10-05 13:23:25,681:INFO:Evaluating Metrics
2020-10-05 13:23:25,683:INFO:No inverse transformer found
2020-10-05 13:23:25,684:INFO:Compiling Metrics
2020-10-05 13:23:25,692:INFO:Initializing Fold 10
2020-10-05 13:23:25,693:INFO:Total runtime is 0.017231420675913493 minutes
2020-10-05 13:23:25,700:INFO:Fitting Model
2020-10-05 13:23:25,703:INFO:Evaluating Metrics
2020-10-05 13:23:25,705:INFO:No inverse transformer found
2020-10-05 13:23:25,706:INFO:Compiling Metrics
2020-10-05 13:23:25,714:INFO:Calculating mean and std
2020-10-05 13:23:25,714:INFO:Creating metrics dataframe
2020-10-05 13:23:25,726:INFO:Initializing Elastic Net
2020-10-05 13:23:25,734:INFO:Initializing Fold 1
2020-10-05 13:23:25,734:INFO:Total runtime is 0.01791463295618693 minutes
2020-10-05 13:23:25,741:INFO:Fitting Model
2020-10-05 13:23:25,748:INFO:Evaluating Metrics
2020-10-05 13:23:25,752:INFO:No inverse transformer found
2020-10-05 13:23:25,752:INFO:Compiling Metrics
2020-10-05 13:23:25,766:INFO:Initializing Fold 2
2020-10-05 13:23:25,768:INFO:Total runtime is 0.01848129431406657 minutes
2020-10-05 13:23:25,777:INFO:Fitting Model
2020-10-05 13:23:25,783:INFO:Evaluating Metrics
2020-10-05 13:23:25,784:INFO:No inverse transformer found
2020-10-05 13:23:25,785:INFO:Compiling Metrics
2020-10-05 13:23:25,793:INFO:Initializing Fold 3
2020-10-05 13:23:25,794:INFO:Total runtime is 0.018914695580800375 minutes
2020-10-05 13:23:25,803:INFO:Fitting Model
2020-10-05 13:23:25,809:INFO:Evaluating Metrics
2020-10-05 13:23:25,815:INFO:No inverse transformer found
2020-10-05 13:23:25,815:INFO:Compiling Metrics
2020-10-05 13:23:25,824:INFO:Initializing Fold 4
2020-10-05 13:23:25,826:INFO:Total runtime is 0.019447986284891767 minutes
2020-10-05 13:23:25,837:INFO:Fitting Model
2020-10-05 13:23:25,843:INFO:Evaluating Metrics
2020-10-05 13:23:25,847:INFO:No inverse transformer found
2020-10-05 13:23:25,847:INFO:Compiling Metrics
2020-10-05 13:23:25,859:INFO:Initializing Fold 5
2020-10-05 13:23:25,861:INFO:Total runtime is 0.020031400521596274 minutes
2020-10-05 13:23:25,871:INFO:Fitting Model
2020-10-05 13:23:25,880:INFO:Evaluating Metrics
2020-10-05 13:23:25,882:INFO:No inverse transformer found
2020-10-05 13:23:25,882:INFO:Compiling Metrics
2020-10-05 13:23:25,891:INFO:Initializing Fold 6
2020-10-05 13:23:25,894:INFO:Total runtime is 0.0205734650293986 minutes
2020-10-05 13:23:25,901:INFO:Fitting Model
2020-10-05 13:23:25,907:INFO:Evaluating Metrics
2020-10-05 13:23:25,911:INFO:No inverse transformer found
2020-10-05 13:23:25,912:INFO:Compiling Metrics
2020-10-05 13:23:25,923:INFO:Initializing Fold 7
2020-10-05 13:23:25,925:INFO:Total runtime is 0.021090141932169598 minutes
2020-10-05 13:23:25,935:INFO:Fitting Model
2020-10-05 13:23:25,942:INFO:Evaluating Metrics
2020-10-05 13:23:25,945:INFO:No inverse transformer found
2020-10-05 13:23:25,947:INFO:Compiling Metrics
2020-10-05 13:23:25,953:INFO:Initializing Fold 8
2020-10-05 13:23:25,954:INFO:Total runtime is 0.02159010966618856 minutes
2020-10-05 13:23:25,967:INFO:Fitting Model
2020-10-05 13:23:25,974:INFO:Evaluating Metrics
2020-10-05 13:23:25,977:INFO:No inverse transformer found
2020-10-05 13:23:25,977:INFO:Compiling Metrics
2020-10-05 13:23:25,987:INFO:Initializing Fold 9
2020-10-05 13:23:25,987:INFO:Total runtime is 0.022140097618103028 minutes
2020-10-05 13:23:25,999:INFO:Fitting Model
2020-10-05 13:23:26,005:INFO:Evaluating Metrics
2020-10-05 13:23:26,010:INFO:No inverse transformer found
2020-10-05 13:23:26,010:INFO:Compiling Metrics
2020-10-05 13:23:26,021:INFO:Initializing Fold 10
2020-10-05 13:23:26,024:INFO:Total runtime is 0.022740161418914797 minutes
2020-10-05 13:23:26,033:INFO:Fitting Model
2020-10-05 13:23:26,041:INFO:Evaluating Metrics
2020-10-05 13:23:26,047:INFO:No inverse transformer found
2020-10-05 13:23:26,047:INFO:Compiling Metrics
2020-10-05 13:23:26,055:INFO:Calculating mean and std
2020-10-05 13:23:26,055:INFO:Creating metrics dataframe
2020-10-05 13:23:26,075:INFO:Initializing Least Angle Regression
2020-10-05 13:23:26,085:INFO:Initializing Fold 1
2020-10-05 13:23:26,087:INFO:Total runtime is 0.023790156841278078 minutes
2020-10-05 13:23:26,097:INFO:Fitting Model
2020-10-05 13:23:26,123:INFO:Evaluating Metrics
2020-10-05 13:23:26,125:INFO:No inverse transformer found
2020-10-05 13:23:26,126:INFO:Compiling Metrics
2020-10-05 13:23:26,135:INFO:Initializing Fold 2
2020-10-05 13:23:26,135:INFO:Total runtime is 0.02460677226384481 minutes
2020-10-05 13:23:26,144:INFO:Fitting Model
2020-10-05 13:23:26,170:INFO:Evaluating Metrics
2020-10-05 13:23:26,173:INFO:No inverse transformer found
2020-10-05 13:23:26,173:INFO:Compiling Metrics
2020-10-05 13:23:26,182:INFO:Initializing Fold 3
2020-10-05 13:23:26,182:INFO:Total runtime is 0.025390104452768965 minutes
2020-10-05 13:23:26,189:INFO:Fitting Model
2020-10-05 13:23:26,218:INFO:Evaluating Metrics
2020-10-05 13:23:26,219:INFO:No inverse transformer found
2020-10-05 13:23:26,220:INFO:Compiling Metrics
2020-10-05 13:23:26,230:INFO:Initializing Fold 4
2020-10-05 13:23:26,231:INFO:Total runtime is 0.026206767559051516 minutes
2020-10-05 13:23:26,239:INFO:Fitting Model
2020-10-05 13:23:26,267:INFO:Evaluating Metrics
2020-10-05 13:23:26,270:INFO:No inverse transformer found
2020-10-05 13:23:26,270:INFO:Compiling Metrics
2020-10-05 13:23:26,281:INFO:Initializing Fold 5
2020-10-05 13:23:26,282:INFO:Total runtime is 0.02705678145090739 minutes
2020-10-05 13:23:26,289:INFO:Fitting Model
2020-10-05 13:23:26,313:INFO:Evaluating Metrics
2020-10-05 13:23:26,315:INFO:No inverse transformer found
2020-10-05 13:23:26,315:INFO:Compiling Metrics
2020-10-05 13:23:26,322:INFO:Initializing Fold 6
2020-10-05 13:23:26,323:INFO:Total runtime is 0.02772355874379476 minutes
2020-10-05 13:23:26,333:INFO:Fitting Model
2020-10-05 13:23:26,353:INFO:Evaluating Metrics
2020-10-05 13:23:26,355:INFO:No inverse transformer found
2020-10-05 13:23:26,355:INFO:Compiling Metrics
2020-10-05 13:23:26,362:INFO:Initializing Fold 7
2020-10-05 13:23:26,362:INFO:Total runtime is 0.028390121459960938 minutes
2020-10-05 13:23:26,367:INFO:Fitting Model
2020-10-05 13:23:26,383:INFO:Evaluating Metrics
2020-10-05 13:23:26,384:INFO:No inverse transformer found
2020-10-05 13:23:26,384:INFO:Compiling Metrics
2020-10-05 13:23:26,390:INFO:Initializing Fold 8
2020-10-05 13:23:26,391:INFO:Total runtime is 0.02887344757715861 minutes
2020-10-05 13:23:26,396:INFO:Fitting Model
2020-10-05 13:23:26,416:INFO:Evaluating Metrics
2020-10-05 13:23:26,418:INFO:No inverse transformer found
2020-10-05 13:23:26,418:INFO:Compiling Metrics
2020-10-05 13:23:26,424:INFO:Initializing Fold 9
2020-10-05 13:23:26,426:INFO:Total runtime is 0.029440156618754067 minutes
2020-10-05 13:23:26,431:INFO:Fitting Model
2020-10-05 13:23:26,451:INFO:Evaluating Metrics
2020-10-05 13:23:26,452:INFO:No inverse transformer found
2020-10-05 13:23:26,452:INFO:Compiling Metrics
2020-10-05 13:23:26,460:INFO:Initializing Fold 10
2020-10-05 13:23:26,461:INFO:Total runtime is 0.03002347151438395 minutes
2020-10-05 13:23:26,467:INFO:Fitting Model
2020-10-05 13:23:26,486:INFO:Evaluating Metrics
2020-10-05 13:23:26,489:INFO:No inverse transformer found
2020-10-05 13:23:26,489:INFO:Compiling Metrics
2020-10-05 13:23:26,495:INFO:Calculating mean and std
2020-10-05 13:23:26,497:INFO:Creating metrics dataframe
2020-10-05 13:23:26,509:INFO:Initializing Lasso Least Angle Regression
2020-10-05 13:23:26,516:INFO:Initializing Fold 1
2020-10-05 13:23:26,516:INFO:Total runtime is 0.030956792831420898 minutes
2020-10-05 13:23:26,525:INFO:Fitting Model
2020-10-05 13:23:26,538:INFO:Evaluating Metrics
2020-10-05 13:23:26,540:INFO:No inverse transformer found
2020-10-05 13:23:26,540:INFO:Compiling Metrics
2020-10-05 13:23:26,550:INFO:Initializing Fold 2
2020-10-05 13:23:26,551:INFO:Total runtime is 0.03154009977976481 minutes
2020-10-05 13:23:26,561:INFO:Fitting Model
2020-10-05 13:23:26,577:INFO:Evaluating Metrics
2020-10-05 13:23:26,580:INFO:No inverse transformer found
2020-10-05 13:23:26,581:INFO:Compiling Metrics
2020-10-05 13:23:26,589:INFO:Initializing Fold 3
2020-10-05 13:23:26,589:INFO:Total runtime is 0.03217345476150513 minutes
2020-10-05 13:23:26,595:INFO:Fitting Model
2020-10-05 13:23:26,605:INFO:Evaluating Metrics
2020-10-05 13:23:26,607:INFO:No inverse transformer found
2020-10-05 13:23:26,607:INFO:Compiling Metrics
2020-10-05 13:23:26,614:INFO:Initializing Fold 4
2020-10-05 13:23:26,614:INFO:Total runtime is 0.03259011507034302 minutes
2020-10-05 13:23:26,619:INFO:Fitting Model
2020-10-05 13:23:26,633:INFO:Evaluating Metrics
2020-10-05 13:23:26,635:INFO:No inverse transformer found
2020-10-05 13:23:26,635:INFO:Compiling Metrics
2020-10-05 13:23:26,643:INFO:Initializing Fold 5
2020-10-05 13:23:26,644:INFO:Total runtime is 0.03307347297668457 minutes
2020-10-05 13:23:26,650:INFO:Fitting Model
2020-10-05 13:23:26,671:INFO:Evaluating Metrics
2020-10-05 13:23:26,673:INFO:No inverse transformer found
2020-10-05 13:23:26,673:INFO:Compiling Metrics
2020-10-05 13:23:26,679:INFO:Initializing Fold 6
2020-10-05 13:23:26,680:INFO:Total runtime is 0.03369010289510092 minutes
2020-10-05 13:23:26,684:INFO:Fitting Model
2020-10-05 13:23:26,698:INFO:Evaluating Metrics
2020-10-05 13:23:26,700:INFO:No inverse transformer found
2020-10-05 13:23:26,700:INFO:Compiling Metrics
2020-10-05 13:23:26,710:INFO:Initializing Fold 7
2020-10-05 13:23:26,712:INFO:Total runtime is 0.03420810699462891 minutes
2020-10-05 13:23:26,717:INFO:Fitting Model
2020-10-05 13:23:26,729:INFO:Evaluating Metrics
2020-10-05 13:23:26,731:INFO:No inverse transformer found
2020-10-05 13:23:26,731:INFO:Compiling Metrics
2020-10-05 13:23:26,736:INFO:Initializing Fold 8
2020-10-05 13:23:26,737:INFO:Total runtime is 0.034640105565389 minutes
2020-10-05 13:23:26,745:INFO:Fitting Model
2020-10-05 13:23:26,758:INFO:Evaluating Metrics
2020-10-05 13:23:26,761:INFO:No inverse transformer found
2020-10-05 13:23:26,761:INFO:Compiling Metrics
2020-10-05 13:23:26,766:INFO:Initializing Fold 9
2020-10-05 13:23:26,767:INFO:Total runtime is 0.03514010906219482 minutes
2020-10-05 13:23:26,773:INFO:Fitting Model
2020-10-05 13:23:26,787:INFO:Evaluating Metrics
2020-10-05 13:23:26,790:INFO:No inverse transformer found
2020-10-05 13:23:26,790:INFO:Compiling Metrics
2020-10-05 13:23:26,798:INFO:Initializing Fold 10
2020-10-05 13:23:26,799:INFO:Total runtime is 0.035673459370930985 minutes
2020-10-05 13:23:26,807:INFO:Fitting Model
2020-10-05 13:23:26,818:INFO:Evaluating Metrics
2020-10-05 13:23:26,820:INFO:No inverse transformer found
2020-10-05 13:23:26,820:INFO:Compiling Metrics
2020-10-05 13:23:26,828:INFO:Calculating mean and std
2020-10-05 13:23:26,829:INFO:Creating metrics dataframe
2020-10-05 13:23:26,840:INFO:Initializing Orthogonal Matching Pursuit
2020-10-05 13:23:26,848:INFO:Initializing Fold 1
2020-10-05 13:23:26,850:INFO:Total runtime is 0.03650681177775065 minutes
2020-10-05 13:23:26,857:INFO:Fitting Model
2020-10-05 13:23:26,898:INFO:Evaluating Metrics
2020-10-05 13:23:26,900:INFO:No inverse transformer found
2020-10-05 13:23:26,900:INFO:Compiling Metrics
2020-10-05 13:23:26,906:INFO:Initializing Fold 2
2020-10-05 13:23:26,906:INFO:Total runtime is 0.03745675086975098 minutes
2020-10-05 13:23:26,911:INFO:Fitting Model
2020-10-05 13:23:26,914:INFO:Evaluating Metrics
2020-10-05 13:23:26,916:INFO:No inverse transformer found
2020-10-05 13:23:26,916:INFO:Compiling Metrics
2020-10-05 13:23:26,922:INFO:Initializing Fold 3
2020-10-05 13:23:26,923:INFO:Total runtime is 0.03774011532465617 minutes
2020-10-05 13:23:26,931:INFO:Fitting Model
2020-10-05 13:23:26,934:INFO:Evaluating Metrics
2020-10-05 13:23:26,936:INFO:No inverse transformer found
2020-10-05 13:23:26,936:INFO:Compiling Metrics
2020-10-05 13:23:26,944:INFO:Initializing Fold 4
2020-10-05 13:23:26,946:INFO:Total runtime is 0.038106818993886314 minutes
2020-10-05 13:23:26,953:INFO:Fitting Model
2020-10-05 13:23:26,956:INFO:Evaluating Metrics
2020-10-05 13:23:26,958:INFO:No inverse transformer found
2020-10-05 13:23:26,958:INFO:Compiling Metrics
2020-10-05 13:23:26,970:INFO:Initializing Fold 5
2020-10-05 13:23:26,973:INFO:Total runtime is 0.0385568380355835 minutes
2020-10-05 13:23:26,982:INFO:Fitting Model
2020-10-05 13:23:26,989:INFO:Evaluating Metrics
2020-10-05 13:23:26,991:INFO:No inverse transformer found
2020-10-05 13:23:26,991:INFO:Compiling Metrics
2020-10-05 13:23:27,001:INFO:Initializing Fold 6
2020-10-05 13:23:27,001:INFO:Total runtime is 0.03904010852177938 minutes
2020-10-05 13:23:27,008:INFO:Fitting Model
2020-10-05 13:23:27,013:INFO:Evaluating Metrics
2020-10-05 13:23:27,016:INFO:No inverse transformer found
2020-10-05 13:23:27,016:INFO:Compiling Metrics
2020-10-05 13:23:27,025:INFO:Initializing Fold 7
2020-10-05 13:23:27,026:INFO:Total runtime is 0.039440198739369714 minutes
2020-10-05 13:23:27,033:INFO:Fitting Model
2020-10-05 13:23:27,037:INFO:Evaluating Metrics
2020-10-05 13:23:27,039:INFO:No inverse transformer found
2020-10-05 13:23:27,039:INFO:Compiling Metrics
2020-10-05 13:23:27,045:INFO:Initializing Fold 8
2020-10-05 13:23:27,046:INFO:Total runtime is 0.03979011376698812 minutes
2020-10-05 13:23:27,052:INFO:Fitting Model
2020-10-05 13:23:27,055:INFO:Evaluating Metrics
2020-10-05 13:23:27,057:INFO:No inverse transformer found
2020-10-05 13:23:27,057:INFO:Compiling Metrics
2020-10-05 13:23:27,066:INFO:Initializing Fold 9
2020-10-05 13:23:27,066:INFO:Total runtime is 0.04012341896692912 minutes
2020-10-05 13:23:27,075:INFO:Fitting Model
2020-10-05 13:23:27,080:INFO:Evaluating Metrics
2020-10-05 13:23:27,081:INFO:No inverse transformer found
2020-10-05 13:23:27,081:INFO:Compiling Metrics
2020-10-05 13:23:27,089:INFO:Initializing Fold 10
2020-10-05 13:23:27,089:INFO:Total runtime is 0.04050677220026652 minutes
2020-10-05 13:23:27,099:INFO:Fitting Model
2020-10-05 13:23:27,104:INFO:Evaluating Metrics
2020-10-05 13:23:27,107:INFO:No inverse transformer found
2020-10-05 13:23:27,108:INFO:Compiling Metrics
2020-10-05 13:23:27,117:INFO:Calculating mean and std
2020-10-05 13:23:27,117:INFO:Creating metrics dataframe
2020-10-05 13:23:27,133:INFO:Initializing Bayesian Ridge
2020-10-05 13:23:27,139:INFO:Initializing Fold 1
2020-10-05 13:23:27,139:INFO:Total runtime is 0.041340124607086186 minutes
2020-10-05 13:23:27,148:INFO:Fitting Model
2020-10-05 13:23:27,197:INFO:Evaluating Metrics
2020-10-05 13:23:27,199:INFO:No inverse transformer found
2020-10-05 13:23:27,199:INFO:Compiling Metrics
2020-10-05 13:23:27,205:INFO:Initializing Fold 2
2020-10-05 13:23:27,206:INFO:Total runtime is 0.04245679378509522 minutes
2020-10-05 13:23:27,215:INFO:Fitting Model
2020-10-05 13:23:27,221:INFO:Evaluating Metrics
2020-10-05 13:23:27,226:INFO:No inverse transformer found
2020-10-05 13:23:27,226:INFO:Compiling Metrics
2020-10-05 13:23:27,235:INFO:Initializing Fold 3
2020-10-05 13:23:27,235:INFO:Total runtime is 0.04294009606043498 minutes
2020-10-05 13:23:27,244:INFO:Fitting Model
2020-10-05 13:23:27,250:INFO:Evaluating Metrics
2020-10-05 13:23:27,251:INFO:No inverse transformer found
2020-10-05 13:23:27,252:INFO:Compiling Metrics
2020-10-05 13:23:27,258:INFO:Initializing Fold 4
2020-10-05 13:23:27,260:INFO:Total runtime is 0.043340229988098146 minutes
2020-10-05 13:23:27,268:INFO:Fitting Model
2020-10-05 13:23:27,277:INFO:Evaluating Metrics
2020-10-05 13:23:27,281:INFO:No inverse transformer found
2020-10-05 13:23:27,282:INFO:Compiling Metrics
2020-10-05 13:23:27,292:INFO:Initializing Fold 5
2020-10-05 13:23:27,292:INFO:Total runtime is 0.04387346506118774 minutes
2020-10-05 13:23:27,301:INFO:Fitting Model
2020-10-05 13:23:27,308:INFO:Evaluating Metrics
2020-10-05 13:23:27,311:INFO:No inverse transformer found
2020-10-05 13:23:27,311:INFO:Compiling Metrics
2020-10-05 13:23:27,317:INFO:Initializing Fold 6
2020-10-05 13:23:27,318:INFO:Total runtime is 0.04432342449824015 minutes
2020-10-05 13:23:27,327:INFO:Fitting Model
2020-10-05 13:23:27,333:INFO:Evaluating Metrics
2020-10-05 13:23:27,335:INFO:No inverse transformer found
2020-10-05 13:23:27,335:INFO:Compiling Metrics
2020-10-05 13:23:27,343:INFO:Initializing Fold 7
2020-10-05 13:23:27,345:INFO:Total runtime is 0.04475682576497396 minutes
2020-10-05 13:23:27,353:INFO:Fitting Model
2020-10-05 13:23:27,363:INFO:Evaluating Metrics
2020-10-05 13:23:27,365:INFO:No inverse transformer found
2020-10-05 13:23:27,365:INFO:Compiling Metrics
2020-10-05 13:23:27,371:INFO:Initializing Fold 8
2020-10-05 13:23:27,373:INFO:Total runtime is 0.04522662957509359 minutes
2020-10-05 13:23:27,382:INFO:Fitting Model
2020-10-05 13:23:27,390:INFO:Evaluating Metrics
2020-10-05 13:23:27,395:INFO:No inverse transformer found
2020-10-05 13:23:27,395:INFO:Compiling Metrics
2020-10-05 13:23:27,402:INFO:Initializing Fold 9
2020-10-05 13:23:27,403:INFO:Total runtime is 0.04574009974797567 minutes
2020-10-05 13:23:27,412:INFO:Fitting Model
2020-10-05 13:23:27,418:INFO:Evaluating Metrics
2020-10-05 13:23:27,419:INFO:No inverse transformer found
2020-10-05 13:23:27,420:INFO:Compiling Metrics
2020-10-05 13:23:27,429:INFO:Initializing Fold 10
2020-10-05 13:23:27,429:INFO:Total runtime is 0.046173445383707684 minutes
2020-10-05 13:23:27,435:INFO:Fitting Model
2020-10-05 13:23:27,443:INFO:Evaluating Metrics
2020-10-05 13:23:27,444:INFO:No inverse transformer found
2020-10-05 13:23:27,444:INFO:Compiling Metrics
2020-10-05 13:23:27,452:INFO:Calculating mean and std
2020-10-05 13:23:27,452:INFO:Creating metrics dataframe
2020-10-05 13:23:27,469:INFO:Initializing Passive Aggressive Regressor
2020-10-05 13:23:27,479:INFO:Initializing Fold 1
2020-10-05 13:23:27,479:INFO:Total runtime is 0.04700678586959839 minutes
2020-10-05 13:23:27,484:INFO:Fitting Model
2020-10-05 13:23:27,613:INFO:Evaluating Metrics
2020-10-05 13:23:27,615:INFO:No inverse transformer found
2020-10-05 13:23:27,615:INFO:Compiling Metrics
2020-10-05 13:23:27,620:INFO:Initializing Fold 2
2020-10-05 13:23:27,621:INFO:Total runtime is 0.04937343994776408 minutes
2020-10-05 13:23:27,628:INFO:Fitting Model
2020-10-05 13:23:27,724:INFO:Evaluating Metrics
2020-10-05 13:23:27,726:INFO:No inverse transformer found
2020-10-05 13:23:27,726:INFO:Compiling Metrics
2020-10-05 13:23:27,731:INFO:Initializing Fold 3
2020-10-05 13:23:27,731:INFO:Total runtime is 0.051204812526702885 minutes
2020-10-05 13:23:27,738:INFO:Fitting Model
2020-10-05 13:23:27,829:INFO:Evaluating Metrics
2020-10-05 13:23:27,831:INFO:No inverse transformer found
2020-10-05 13:23:27,831:INFO:Compiling Metrics
2020-10-05 13:23:27,836:INFO:Initializing Fold 4
2020-10-05 13:23:27,836:INFO:Total runtime is 0.05295556783676148 minutes
2020-10-05 13:23:27,841:INFO:Fitting Model
2020-10-05 13:23:27,939:INFO:Evaluating Metrics
2020-10-05 13:23:27,940:INFO:No inverse transformer found
2020-10-05 13:23:27,940:INFO:Compiling Metrics
2020-10-05 13:23:27,945:INFO:Initializing Fold 5
2020-10-05 13:23:27,946:INFO:Total runtime is 0.05477436383565268 minutes
2020-10-05 13:23:27,950:INFO:Fitting Model
2020-10-05 13:23:28,030:INFO:Evaluating Metrics
2020-10-05 13:23:28,032:INFO:No inverse transformer found
2020-10-05 13:23:28,032:INFO:Compiling Metrics
2020-10-05 13:23:28,038:INFO:Initializing Fold 6
2020-10-05 13:23:28,038:INFO:Total runtime is 0.05631118615468344 minutes
2020-10-05 13:23:28,044:INFO:Fitting Model
2020-10-05 13:23:28,135:INFO:Evaluating Metrics
2020-10-05 13:23:28,136:INFO:No inverse transformer found
2020-10-05 13:23:28,136:INFO:Compiling Metrics
2020-10-05 13:23:28,141:INFO:Initializing Fold 7
2020-10-05 13:23:28,142:INFO:Total runtime is 0.05804079771041871 minutes
2020-10-05 13:23:28,146:INFO:Fitting Model
2020-10-05 13:23:28,233:INFO:Evaluating Metrics
2020-10-05 13:23:28,235:INFO:No inverse transformer found
2020-10-05 13:23:28,235:INFO:Compiling Metrics
2020-10-05 13:23:28,240:INFO:Initializing Fold 8
2020-10-05 13:23:28,240:INFO:Total runtime is 0.05967491865158082 minutes
2020-10-05 13:23:28,245:INFO:Fitting Model
2020-10-05 13:23:28,317:INFO:Evaluating Metrics
2020-10-05 13:23:28,319:INFO:No inverse transformer found
2020-10-05 13:23:28,319:INFO:Compiling Metrics
2020-10-05 13:23:28,324:INFO:Initializing Fold 9
2020-10-05 13:23:28,324:INFO:Total runtime is 0.061086428165435795 minutes
2020-10-05 13:23:28,329:INFO:Fitting Model
2020-10-05 13:23:28,428:INFO:Evaluating Metrics
2020-10-05 13:23:28,430:INFO:No inverse transformer found
2020-10-05 13:23:28,430:INFO:Compiling Metrics
2020-10-05 13:23:28,435:INFO:Initializing Fold 10
2020-10-05 13:23:28,435:INFO:Total runtime is 0.06293647289276123 minutes
2020-10-05 13:23:28,439:INFO:Fitting Model
2020-10-05 13:23:28,528:INFO:Evaluating Metrics
2020-10-05 13:23:28,529:INFO:No inverse transformer found
2020-10-05 13:23:28,530:INFO:Compiling Metrics
2020-10-05 13:23:28,534:INFO:Calculating mean and std
2020-10-05 13:23:28,535:INFO:Creating metrics dataframe
2020-10-05 13:23:28,545:INFO:Initializing Random Sample Consensus
2020-10-05 13:23:28,549:INFO:Initializing Fold 1
2020-10-05 13:23:28,549:INFO:Total runtime is 0.06482606728871664 minutes
2020-10-05 13:23:28,556:INFO:Fitting Model
2020-10-05 13:23:28,754:INFO:Evaluating Metrics
2020-10-05 13:23:28,756:INFO:No inverse transformer found
2020-10-05 13:23:28,756:INFO:Compiling Metrics
2020-10-05 13:23:28,762:INFO:Initializing Fold 2
2020-10-05 13:23:28,763:INFO:Total runtime is 0.06839276949564616 minutes
2020-10-05 13:23:28,772:INFO:Fitting Model
2020-10-05 13:23:28,921:INFO:Evaluating Metrics
2020-10-05 13:23:28,922:INFO:No inverse transformer found
2020-10-05 13:23:28,922:INFO:Compiling Metrics
2020-10-05 13:23:28,928:INFO:Initializing Fold 3
2020-10-05 13:23:28,928:INFO:Total runtime is 0.07114271720250447 minutes
2020-10-05 13:23:28,933:INFO:Fitting Model
2020-10-05 13:23:29,087:INFO:Evaluating Metrics
2020-10-05 13:23:29,089:INFO:No inverse transformer found
2020-10-05 13:23:29,089:INFO:Compiling Metrics
2020-10-05 13:23:29,094:INFO:Initializing Fold 4
2020-10-05 13:23:29,095:INFO:Total runtime is 0.07392892042795816 minutes
2020-10-05 13:23:29,099:INFO:Fitting Model
2020-10-05 13:23:29,267:INFO:Evaluating Metrics
2020-10-05 13:23:29,269:INFO:No inverse transformer found
2020-10-05 13:23:29,269:INFO:Compiling Metrics
2020-10-05 13:23:29,275:INFO:Initializing Fold 5
2020-10-05 13:23:29,275:INFO:Total runtime is 0.07692892551422119 minutes
2020-10-05 13:23:29,280:INFO:Fitting Model
2020-10-05 13:23:29,460:INFO:Evaluating Metrics
2020-10-05 13:23:29,462:INFO:No inverse transformer found
2020-10-05 13:23:29,462:INFO:Compiling Metrics
2020-10-05 13:23:29,468:INFO:Initializing Fold 6
2020-10-05 13:23:29,469:INFO:Total runtime is 0.08016461133956909 minutes
2020-10-05 13:23:29,476:INFO:Fitting Model
2020-10-05 13:23:29,647:INFO:Evaluating Metrics
2020-10-05 13:23:29,648:INFO:No inverse transformer found
2020-10-05 13:23:29,648:INFO:Compiling Metrics
2020-10-05 13:23:29,654:INFO:Initializing Fold 7
2020-10-05 13:23:29,655:INFO:Total runtime is 0.08326361576716106 minutes
2020-10-05 13:23:29,664:INFO:Fitting Model
2020-10-05 13:23:29,839:INFO:Evaluating Metrics
2020-10-05 13:23:29,841:INFO:No inverse transformer found
2020-10-05 13:23:29,841:INFO:Compiling Metrics
2020-10-05 13:23:29,849:INFO:Initializing Fold 8
2020-10-05 13:23:29,849:INFO:Total runtime is 0.0864996353785197 minutes
2020-10-05 13:23:29,855:INFO:Fitting Model
2020-10-05 13:23:30,042:INFO:Evaluating Metrics
2020-10-05 13:23:30,045:INFO:No inverse transformer found
2020-10-05 13:23:30,045:INFO:Compiling Metrics
2020-10-05 13:23:30,053:INFO:Initializing Fold 9
2020-10-05 13:23:30,054:INFO:Total runtime is 0.0899159550666809 minutes
2020-10-05 13:23:30,061:INFO:Fitting Model
2020-10-05 13:23:30,210:INFO:Evaluating Metrics
2020-10-05 13:23:30,211:INFO:No inverse transformer found
2020-10-05 13:23:30,211:INFO:Compiling Metrics
2020-10-05 13:23:30,217:INFO:Initializing Fold 10
2020-10-05 13:23:30,217:INFO:Total runtime is 0.09263966480890909 minutes
2020-10-05 13:23:30,223:INFO:Fitting Model
2020-10-05 13:23:30,380:INFO:Evaluating Metrics
2020-10-05 13:23:30,382:INFO:No inverse transformer found
2020-10-05 13:23:30,382:INFO:Compiling Metrics
2020-10-05 13:23:30,388:INFO:Calculating mean and std
2020-10-05 13:23:30,389:INFO:Creating metrics dataframe
2020-10-05 13:23:30,405:INFO:Initializing TheilSen Regressor
2020-10-05 13:23:30,411:INFO:Initializing Fold 1
2020-10-05 13:23:30,412:INFO:Total runtime is 0.09587675730387368 minutes
2020-10-05 13:23:30,418:INFO:Fitting Model
2020-10-05 13:23:34,662:INFO:Evaluating Metrics
2020-10-05 13:23:34,664:INFO:No inverse transformer found
2020-10-05 13:23:34,664:INFO:Compiling Metrics
2020-10-05 13:23:34,670:INFO:Initializing Fold 2
2020-10-05 13:23:34,670:INFO:Total runtime is 0.16684737205505368 minutes
2020-10-05 13:23:34,676:INFO:Fitting Model
2020-10-05 13:23:36,336:INFO:Evaluating Metrics
2020-10-05 13:23:36,337:INFO:No inverse transformer found
2020-10-05 13:23:36,337:INFO:Compiling Metrics
2020-10-05 13:23:36,343:INFO:Initializing Fold 3
2020-10-05 13:23:36,343:INFO:Total runtime is 0.19472881952921545 minutes
2020-10-05 13:23:36,348:INFO:Fitting Model
2020-10-05 13:23:38,033:INFO:Evaluating Metrics
2020-10-05 13:23:38,034:INFO:No inverse transformer found
2020-10-05 13:23:38,034:INFO:Compiling Metrics
2020-10-05 13:23:38,039:INFO:Initializing Fold 4
2020-10-05 13:23:38,040:INFO:Total runtime is 0.22300810813903804 minutes
2020-10-05 13:23:38,044:INFO:Fitting Model
2020-10-05 13:23:39,913:INFO:Evaluating Metrics
2020-10-05 13:23:39,915:INFO:No inverse transformer found
2020-10-05 13:23:39,915:INFO:Compiling Metrics
2020-10-05 13:23:39,921:INFO:Initializing Fold 5
2020-10-05 13:23:39,922:INFO:Total runtime is 0.2543850501378377 minutes
2020-10-05 13:23:39,926:INFO:Fitting Model
2020-10-05 13:23:41,621:INFO:Evaluating Metrics
2020-10-05 13:23:41,623:INFO:No inverse transformer found
2020-10-05 13:23:41,623:INFO:Compiling Metrics
2020-10-05 13:23:41,628:INFO:Initializing Fold 6
2020-10-05 13:23:41,628:INFO:Total runtime is 0.28281816244125363 minutes
2020-10-05 13:23:41,633:INFO:Fitting Model
2020-10-05 13:23:43,234:INFO:Evaluating Metrics
2020-10-05 13:23:43,235:INFO:No inverse transformer found
2020-10-05 13:23:43,235:INFO:Compiling Metrics
2020-10-05 13:23:43,241:INFO:Initializing Fold 7
2020-10-05 13:23:43,241:INFO:Total runtime is 0.3097011446952819 minutes
2020-10-05 13:23:43,245:INFO:Fitting Model
2020-10-05 13:23:44,924:INFO:Evaluating Metrics
2020-10-05 13:23:44,926:INFO:No inverse transformer found
2020-10-05 13:23:44,926:INFO:Compiling Metrics
2020-10-05 13:23:44,931:INFO:Initializing Fold 8
2020-10-05 13:23:44,931:INFO:Total runtime is 0.3378574927647908 minutes
2020-10-05 13:23:44,936:INFO:Fitting Model
2020-10-05 13:23:46,830:INFO:Evaluating Metrics
2020-10-05 13:23:46,832:INFO:No inverse transformer found
2020-10-05 13:23:46,833:INFO:Compiling Metrics
2020-10-05 13:23:46,838:INFO:Initializing Fold 9
2020-10-05 13:23:46,838:INFO:Total runtime is 0.3696475625038147 minutes
2020-10-05 13:23:46,843:INFO:Fitting Model
2020-10-05 13:23:48,583:INFO:Evaluating Metrics
2020-10-05 13:23:48,585:INFO:No inverse transformer found
2020-10-05 13:23:48,585:INFO:Compiling Metrics
2020-10-05 13:23:48,590:INFO:Initializing Fold 10
2020-10-05 13:23:48,590:INFO:Total runtime is 0.39885491132736206 minutes
2020-10-05 13:23:48,595:INFO:Fitting Model
2020-10-05 13:23:50,696:INFO:Evaluating Metrics
2020-10-05 13:23:50,698:INFO:No inverse transformer found
2020-10-05 13:23:50,698:INFO:Compiling Metrics
2020-10-05 13:23:50,704:INFO:Calculating mean and std
2020-10-05 13:23:50,704:INFO:Creating metrics dataframe
2020-10-05 13:23:50,716:INFO:Initializing Huber Regressor
2020-10-05 13:23:50,723:INFO:Initializing Fold 1
2020-10-05 13:23:50,723:INFO:Total runtime is 0.43439955314000445 minutes
2020-10-05 13:23:50,728:INFO:Fitting Model
2020-10-05 13:23:50,800:INFO:Evaluating Metrics
2020-10-05 13:23:50,804:INFO:No inverse transformer found
2020-10-05 13:23:50,804:INFO:Compiling Metrics
2020-10-05 13:23:50,813:INFO:Initializing Fold 2
2020-10-05 13:23:50,814:INFO:Total runtime is 0.43591121435165403 minutes
2020-10-05 13:23:50,819:INFO:Fitting Model
2020-10-05 13:23:50,868:INFO:Evaluating Metrics
2020-10-05 13:23:50,870:INFO:No inverse transformer found
2020-10-05 13:23:50,870:INFO:Compiling Metrics
2020-10-05 13:23:50,878:INFO:Initializing Fold 3
2020-10-05 13:23:50,879:INFO:Total runtime is 0.43699457645416256 minutes
2020-10-05 13:23:50,887:INFO:Fitting Model
2020-10-05 13:23:50,952:INFO:Evaluating Metrics
2020-10-05 13:23:50,954:INFO:No inverse transformer found
2020-10-05 13:23:50,954:INFO:Compiling Metrics
2020-10-05 13:23:50,960:INFO:Initializing Fold 4
2020-10-05 13:23:50,960:INFO:Total runtime is 0.4383445580800374 minutes
2020-10-05 13:23:50,966:INFO:Fitting Model
2020-10-05 13:23:51,022:INFO:Evaluating Metrics
2020-10-05 13:23:51,023:INFO:No inverse transformer found
2020-10-05 13:23:51,023:INFO:Compiling Metrics
2020-10-05 13:23:51,029:INFO:Initializing Fold 5
2020-10-05 13:23:51,030:INFO:Total runtime is 0.4395219802856445 minutes
2020-10-05 13:23:51,037:INFO:Fitting Model
2020-10-05 13:23:51,109:INFO:Evaluating Metrics
2020-10-05 13:23:51,111:INFO:No inverse transformer found
2020-10-05 13:23:51,111:INFO:Compiling Metrics
2020-10-05 13:23:51,120:INFO:Initializing Fold 6
2020-10-05 13:23:51,121:INFO:Total runtime is 0.4410286863644917 minutes
2020-10-05 13:23:51,129:INFO:Fitting Model
2020-10-05 13:23:51,186:INFO:Evaluating Metrics
2020-10-05 13:23:51,187:INFO:No inverse transformer found
2020-10-05 13:23:51,188:INFO:Compiling Metrics
2020-10-05 13:23:51,194:INFO:Initializing Fold 7
2020-10-05 13:23:51,195:INFO:Total runtime is 0.4422630349795023 minutes
2020-10-05 13:23:51,203:INFO:Fitting Model
2020-10-05 13:23:51,265:INFO:Evaluating Metrics
2020-10-05 13:23:51,268:INFO:No inverse transformer found
2020-10-05 13:23:51,268:INFO:Compiling Metrics
2020-10-05 13:23:51,275:INFO:Initializing Fold 8
2020-10-05 13:23:51,276:INFO:Total runtime is 0.44361028671264646 minutes
2020-10-05 13:23:51,284:INFO:Fitting Model
2020-10-05 13:23:51,361:INFO:Evaluating Metrics
2020-10-05 13:23:51,363:INFO:No inverse transformer found
2020-10-05 13:23:51,364:INFO:Compiling Metrics
2020-10-05 13:23:51,374:INFO:Initializing Fold 9
2020-10-05 13:23:51,375:INFO:Total runtime is 0.4452600359916687 minutes
2020-10-05 13:23:51,385:INFO:Fitting Model
2020-10-05 13:23:51,455:INFO:Evaluating Metrics
2020-10-05 13:23:51,458:INFO:No inverse transformer found
2020-10-05 13:23:51,458:INFO:Compiling Metrics
2020-10-05 13:23:51,467:INFO:Initializing Fold 10
2020-10-05 13:23:51,467:INFO:Total runtime is 0.4467936237653096 minutes
2020-10-05 13:23:51,476:INFO:Fitting Model
2020-10-05 13:23:51,548:INFO:Evaluating Metrics
2020-10-05 13:23:51,550:INFO:No inverse transformer found
2020-10-05 13:23:51,551:INFO:Compiling Metrics
2020-10-05 13:23:51,559:INFO:Calculating mean and std
2020-10-05 13:23:51,560:INFO:Creating metrics dataframe
2020-10-05 13:23:51,581:INFO:Initializing Support Vector Machine
2020-10-05 13:23:51,589:INFO:Initializing Fold 1
2020-10-05 13:23:51,590:INFO:Total runtime is 0.4488441904385884 minutes
2020-10-05 13:23:51,598:INFO:Fitting Model
2020-10-05 13:23:51,722:INFO:Evaluating Metrics
2020-10-05 13:23:51,730:INFO:No inverse transformer found
2020-10-05 13:23:51,730:INFO:Compiling Metrics
2020-10-05 13:23:51,738:INFO:Initializing Fold 2
2020-10-05 13:23:51,738:INFO:Total runtime is 0.45131084521611525 minutes
2020-10-05 13:23:51,745:INFO:Fitting Model
2020-10-05 13:23:51,809:INFO:Evaluating Metrics
2020-10-05 13:23:51,817:INFO:No inverse transformer found
2020-10-05 13:23:51,817:INFO:Compiling Metrics
2020-10-05 13:23:51,823:INFO:Initializing Fold 3
2020-10-05 13:23:51,824:INFO:Total runtime is 0.45274631579716995 minutes
2020-10-05 13:23:51,829:INFO:Fitting Model
2020-10-05 13:23:51,894:INFO:Evaluating Metrics
2020-10-05 13:23:51,902:INFO:No inverse transformer found
2020-10-05 13:23:51,903:INFO:Compiling Metrics
2020-10-05 13:23:51,908:INFO:Initializing Fold 4
2020-10-05 13:23:51,908:INFO:Total runtime is 0.45414657592773433 minutes
2020-10-05 13:23:51,914:INFO:Fitting Model
2020-10-05 13:23:51,977:INFO:Evaluating Metrics
2020-10-05 13:23:51,984:INFO:No inverse transformer found
2020-10-05 13:23:51,984:INFO:Compiling Metrics
2020-10-05 13:23:51,989:INFO:Initializing Fold 5
2020-10-05 13:23:51,989:INFO:Total runtime is 0.4554967006047566 minutes
2020-10-05 13:23:51,994:INFO:Fitting Model
2020-10-05 13:23:52,057:INFO:Evaluating Metrics
2020-10-05 13:23:52,064:INFO:No inverse transformer found
2020-10-05 13:23:52,064:INFO:Compiling Metrics
2020-10-05 13:23:52,070:INFO:Initializing Fold 6
2020-10-05 13:23:52,070:INFO:Total runtime is 0.45684708356857295 minutes
2020-10-05 13:23:52,075:INFO:Fitting Model
2020-10-05 13:23:52,143:INFO:Evaluating Metrics
2020-10-05 13:23:52,150:INFO:No inverse transformer found
2020-10-05 13:23:52,150:INFO:Compiling Metrics
2020-10-05 13:23:52,156:INFO:Initializing Fold 7
2020-10-05 13:23:52,157:INFO:Total runtime is 0.45829240481058753 minutes
2020-10-05 13:23:52,161:INFO:Fitting Model
2020-10-05 13:23:52,225:INFO:Evaluating Metrics
2020-10-05 13:23:52,232:INFO:No inverse transformer found
2020-10-05 13:23:52,232:INFO:Compiling Metrics
2020-10-05 13:23:52,239:INFO:Initializing Fold 8
2020-10-05 13:23:52,239:INFO:Total runtime is 0.4596712231636047 minutes
2020-10-05 13:23:52,245:INFO:Fitting Model
2020-10-05 13:23:52,313:INFO:Evaluating Metrics
2020-10-05 13:23:52,320:INFO:No inverse transformer found
2020-10-05 13:23:52,320:INFO:Compiling Metrics
2020-10-05 13:23:52,325:INFO:Initializing Fold 9
2020-10-05 13:23:52,325:INFO:Total runtime is 0.46110576391220087 minutes
2020-10-05 13:23:52,331:INFO:Fitting Model
2020-10-05 13:23:52,393:INFO:Evaluating Metrics
2020-10-05 13:23:52,401:INFO:No inverse transformer found
2020-10-05 13:23:52,401:INFO:Compiling Metrics
2020-10-05 13:23:52,407:INFO:Initializing Fold 10
2020-10-05 13:23:52,407:INFO:Total runtime is 0.4624586145083109 minutes
2020-10-05 13:23:52,412:INFO:Fitting Model
2020-10-05 13:23:52,476:INFO:Evaluating Metrics
2020-10-05 13:23:52,483:INFO:No inverse transformer found
2020-10-05 13:23:52,484:INFO:Compiling Metrics
2020-10-05 13:23:52,489:INFO:Calculating mean and std
2020-10-05 13:23:52,489:INFO:Creating metrics dataframe
2020-10-05 13:23:52,505:INFO:Initializing K Neighbors Regressor
2020-10-05 13:23:52,509:INFO:Initializing Fold 1
2020-10-05 13:23:52,509:INFO:Total runtime is 0.4641734560330708 minutes
2020-10-05 13:23:52,518:INFO:Fitting Model
2020-10-05 13:23:52,564:INFO:Evaluating Metrics
2020-10-05 13:23:52,578:INFO:No inverse transformer found
2020-10-05 13:23:52,578:INFO:Compiling Metrics
2020-10-05 13:23:52,585:INFO:Initializing Fold 2
2020-10-05 13:23:52,586:INFO:Total runtime is 0.46544701258341464 minutes
2020-10-05 13:23:52,590:INFO:Fitting Model
2020-10-05 13:23:52,600:INFO:Evaluating Metrics
2020-10-05 13:23:52,612:INFO:No inverse transformer found
2020-10-05 13:23:52,612:INFO:Compiling Metrics
2020-10-05 13:23:52,620:INFO:Initializing Fold 3
2020-10-05 13:23:52,620:INFO:Total runtime is 0.4660115520159403 minutes
2020-10-05 13:23:52,625:INFO:Fitting Model
2020-10-05 13:23:52,635:INFO:Evaluating Metrics
2020-10-05 13:23:52,647:INFO:No inverse transformer found
2020-10-05 13:23:52,647:INFO:Compiling Metrics
2020-10-05 13:23:52,656:INFO:Initializing Fold 4
2020-10-05 13:23:52,656:INFO:Total runtime is 0.4666083335876464 minutes
2020-10-05 13:23:52,662:INFO:Fitting Model
2020-10-05 13:23:52,676:INFO:Evaluating Metrics
2020-10-05 13:23:52,694:INFO:No inverse transformer found
2020-10-05 13:23:52,694:INFO:Compiling Metrics
2020-10-05 13:23:52,706:INFO:Initializing Fold 5
2020-10-05 13:23:52,707:INFO:Total runtime is 0.46745829979578646 minutes
2020-10-05 13:23:52,717:INFO:Fitting Model
2020-10-05 13:23:52,728:INFO:Evaluating Metrics
2020-10-05 13:23:52,748:INFO:No inverse transformer found
2020-10-05 13:23:52,748:INFO:Compiling Metrics
2020-10-05 13:23:52,761:INFO:Initializing Fold 6
2020-10-05 13:23:52,762:INFO:Total runtime is 0.4683748245239257 minutes
2020-10-05 13:23:52,771:INFO:Fitting Model
2020-10-05 13:23:52,786:INFO:Evaluating Metrics
2020-10-05 13:23:52,808:INFO:No inverse transformer found
2020-10-05 13:23:52,808:INFO:Compiling Metrics
2020-10-05 13:23:52,815:INFO:Initializing Fold 7
2020-10-05 13:23:52,816:INFO:Total runtime is 0.469269303480784 minutes
2020-10-05 13:23:52,823:INFO:Fitting Model
2020-10-05 13:23:52,836:INFO:Evaluating Metrics
2020-10-05 13:23:52,855:INFO:No inverse transformer found
2020-10-05 13:23:52,855:INFO:Compiling Metrics
2020-10-05 13:23:52,861:INFO:Initializing Fold 8
2020-10-05 13:23:52,861:INFO:Total runtime is 0.4700393040974934 minutes
2020-10-05 13:23:52,872:INFO:Fitting Model
2020-10-05 13:23:52,882:INFO:Evaluating Metrics
2020-10-05 13:23:52,897:INFO:No inverse transformer found
2020-10-05 13:23:52,897:INFO:Compiling Metrics
2020-10-05 13:23:52,909:INFO:Initializing Fold 9
2020-10-05 13:23:52,910:INFO:Total runtime is 0.4708422859509785 minutes
2020-10-05 13:23:52,918:INFO:Fitting Model
2020-10-05 13:23:52,928:INFO:Evaluating Metrics
2020-10-05 13:23:52,947:INFO:No inverse transformer found
2020-10-05 13:23:52,948:INFO:Compiling Metrics
2020-10-05 13:23:52,963:INFO:Initializing Fold 10
2020-10-05 13:23:52,964:INFO:Total runtime is 0.4717423717180887 minutes
2020-10-05 13:23:52,974:INFO:Fitting Model
2020-10-05 13:23:52,986:INFO:Evaluating Metrics
2020-10-05 13:23:53,003:INFO:No inverse transformer found
2020-10-05 13:23:53,003:INFO:Compiling Metrics
2020-10-05 13:23:53,010:INFO:Calculating mean and std
2020-10-05 13:23:53,011:INFO:Creating metrics dataframe
2020-10-05 13:23:53,036:INFO:Initializing Decision Tree
2020-10-05 13:23:53,048:INFO:Initializing Fold 1
2020-10-05 13:23:53,050:INFO:Total runtime is 0.4731781005859374 minutes
2020-10-05 13:23:53,066:INFO:Fitting Model
2020-10-05 13:23:53,084:INFO:Evaluating Metrics
2020-10-05 13:23:53,086:INFO:No inverse transformer found
2020-10-05 13:23:53,086:INFO:Compiling Metrics
2020-10-05 13:23:53,094:INFO:Initializing Fold 2
2020-10-05 13:23:53,094:INFO:Total runtime is 0.4739131251970926 minutes
2020-10-05 13:23:53,108:INFO:Fitting Model
2020-10-05 13:23:53,128:INFO:Evaluating Metrics
2020-10-05 13:23:53,131:INFO:No inverse transformer found
2020-10-05 13:23:53,131:INFO:Compiling Metrics
2020-10-05 13:23:53,140:INFO:Initializing Fold 3
2020-10-05 13:23:53,140:INFO:Total runtime is 0.47468881209691355 minutes
2020-10-05 13:23:53,145:INFO:Fitting Model
2020-10-05 13:23:53,159:INFO:Evaluating Metrics
2020-10-05 13:23:53,160:INFO:No inverse transformer found
2020-10-05 13:23:53,160:INFO:Compiling Metrics
2020-10-05 13:23:53,167:INFO:Initializing Fold 4
2020-10-05 13:23:53,168:INFO:Total runtime is 0.4751555124918619 minutes
2020-10-05 13:23:53,173:INFO:Fitting Model
2020-10-05 13:23:53,184:INFO:Evaluating Metrics
2020-10-05 13:23:53,186:INFO:No inverse transformer found
2020-10-05 13:23:53,186:INFO:Compiling Metrics
2020-10-05 13:23:53,192:INFO:Initializing Fold 5
2020-10-05 13:23:53,192:INFO:Total runtime is 0.47555578152338657 minutes
2020-10-05 13:23:53,197:INFO:Fitting Model
2020-10-05 13:23:53,208:INFO:Evaluating Metrics
2020-10-05 13:23:53,210:INFO:No inverse transformer found
2020-10-05 13:23:53,210:INFO:Compiling Metrics
2020-10-05 13:23:53,216:INFO:Initializing Fold 6
2020-10-05 13:23:53,217:INFO:Total runtime is 0.47596886555353796 minutes
2020-10-05 13:23:53,224:INFO:Fitting Model
2020-10-05 13:23:53,234:INFO:Evaluating Metrics
2020-10-05 13:23:53,236:INFO:No inverse transformer found
2020-10-05 13:23:53,236:INFO:Compiling Metrics
2020-10-05 13:23:53,242:INFO:Initializing Fold 7
2020-10-05 13:23:53,242:INFO:Total runtime is 0.4763790647188822 minutes
2020-10-05 13:23:53,247:INFO:Fitting Model
2020-10-05 13:23:53,260:INFO:Evaluating Metrics
2020-10-05 13:23:53,262:INFO:No inverse transformer found
2020-10-05 13:23:53,262:INFO:Compiling Metrics
2020-10-05 13:23:53,269:INFO:Initializing Fold 8
2020-10-05 13:23:53,270:INFO:Total runtime is 0.47684049606323237 minutes
2020-10-05 13:23:53,275:INFO:Fitting Model
2020-10-05 13:23:53,286:INFO:Evaluating Metrics
2020-10-05 13:23:53,288:INFO:No inverse transformer found
2020-10-05 13:23:53,288:INFO:Compiling Metrics
2020-10-05 13:23:53,293:INFO:Initializing Fold 9
2020-10-05 13:23:53,293:INFO:Total runtime is 0.47723197539647416 minutes
2020-10-05 13:23:53,298:INFO:Fitting Model
2020-10-05 13:23:53,309:INFO:Evaluating Metrics
2020-10-05 13:23:53,311:INFO:No inverse transformer found
2020-10-05 13:23:53,311:INFO:Compiling Metrics
2020-10-05 13:23:53,317:INFO:Initializing Fold 10
2020-10-05 13:23:53,318:INFO:Total runtime is 0.47765533924102777 minutes
2020-10-05 13:23:53,324:INFO:Fitting Model
2020-10-05 13:23:53,334:INFO:Evaluating Metrics
2020-10-05 13:23:53,336:INFO:No inverse transformer found
2020-10-05 13:23:53,336:INFO:Compiling Metrics
2020-10-05 13:23:53,341:INFO:Calculating mean and std
2020-10-05 13:23:53,341:INFO:Creating metrics dataframe
2020-10-05 13:23:53,357:INFO:Initializing Random Forest
2020-10-05 13:23:53,361:INFO:Initializing Fold 1
2020-10-05 13:23:53,363:INFO:Total runtime is 0.478406012058258 minutes
2020-10-05 13:23:53,373:INFO:Fitting Model
2020-10-05 13:23:53,621:INFO:Evaluating Metrics
2020-10-05 13:23:53,642:INFO:No inverse transformer found
2020-10-05 13:23:53,642:INFO:Compiling Metrics
2020-10-05 13:23:53,649:INFO:Initializing Fold 2
2020-10-05 13:23:53,650:INFO:Total runtime is 0.4831893920898437 minutes
2020-10-05 13:23:53,659:INFO:Fitting Model
2020-10-05 13:23:53,876:INFO:Evaluating Metrics
2020-10-05 13:23:53,896:INFO:No inverse transformer found
2020-10-05 13:23:53,896:INFO:Compiling Metrics
2020-10-05 13:23:53,902:INFO:Initializing Fold 3
2020-10-05 13:23:53,903:INFO:Total runtime is 0.4874059796333312 minutes
2020-10-05 13:23:53,908:INFO:Fitting Model
2020-10-05 13:23:54,111:INFO:Evaluating Metrics
2020-10-05 13:23:54,131:INFO:No inverse transformer found
2020-10-05 13:23:54,132:INFO:Compiling Metrics
2020-10-05 13:23:54,142:INFO:Initializing Fold 4
2020-10-05 13:23:54,143:INFO:Total runtime is 0.49140603144963574 minutes
2020-10-05 13:23:54,155:INFO:Fitting Model
2020-10-05 13:23:54,410:INFO:Evaluating Metrics
2020-10-05 13:23:54,429:INFO:No inverse transformer found
2020-10-05 13:23:54,429:INFO:Compiling Metrics
2020-10-05 13:23:54,435:INFO:Initializing Fold 5
2020-10-05 13:23:54,436:INFO:Total runtime is 0.4962807655334472 minutes
2020-10-05 13:23:54,440:INFO:Fitting Model
2020-10-05 13:23:54,661:INFO:Evaluating Metrics
2020-10-05 13:23:54,679:INFO:No inverse transformer found
2020-10-05 13:23:54,679:INFO:Compiling Metrics
2020-10-05 13:23:54,685:INFO:Initializing Fold 6
2020-10-05 13:23:54,686:INFO:Total runtime is 0.5004474361737569 minutes
2020-10-05 13:23:54,691:INFO:Fitting Model
2020-10-05 13:23:54,910:INFO:Evaluating Metrics
2020-10-05 13:23:54,928:INFO:No inverse transformer found
2020-10-05 13:23:54,928:INFO:Compiling Metrics
2020-10-05 13:23:54,933:INFO:Initializing Fold 7
2020-10-05 13:23:54,934:INFO:Total runtime is 0.5045898755391438 minutes
2020-10-05 13:23:54,939:INFO:Fitting Model
2020-10-05 13:23:55,151:INFO:Evaluating Metrics
2020-10-05 13:23:55,167:INFO:No inverse transformer found
2020-10-05 13:23:55,168:INFO:Compiling Metrics
2020-10-05 13:23:55,173:INFO:Initializing Fold 8
2020-10-05 13:23:55,174:INFO:Total runtime is 0.5085795998573303 minutes
2020-10-05 13:23:55,178:INFO:Fitting Model
2020-10-05 13:23:55,386:INFO:Evaluating Metrics
2020-10-05 13:23:55,403:INFO:No inverse transformer found
2020-10-05 13:23:55,403:INFO:Compiling Metrics
2020-10-05 13:23:55,409:INFO:Initializing Fold 9
2020-10-05 13:23:55,409:INFO:Total runtime is 0.512496260801951 minutes
2020-10-05 13:23:55,414:INFO:Fitting Model
2020-10-05 13:23:55,621:INFO:Evaluating Metrics
2020-10-05 13:23:55,642:INFO:No inverse transformer found
2020-10-05 13:23:55,643:INFO:Compiling Metrics
2020-10-05 13:23:55,649:INFO:Initializing Fold 10
2020-10-05 13:23:55,650:INFO:Total runtime is 0.5165213386217752 minutes
2020-10-05 13:23:55,658:INFO:Fitting Model
2020-10-05 13:23:55,860:INFO:Evaluating Metrics
2020-10-05 13:23:55,878:INFO:No inverse transformer found
2020-10-05 13:23:55,878:INFO:Compiling Metrics
2020-10-05 13:23:55,885:INFO:Calculating mean and std
2020-10-05 13:23:55,885:INFO:Creating metrics dataframe
2020-10-05 13:23:55,899:INFO:Initializing Extra Trees Regressor
2020-10-05 13:23:55,905:INFO:Initializing Fold 1
2020-10-05 13:23:55,906:INFO:Total runtime is 0.52077526251475 minutes
2020-10-05 13:23:55,911:INFO:Fitting Model
2020-10-05 13:23:56,090:INFO:Evaluating Metrics
2020-10-05 13:23:56,107:INFO:No inverse transformer found
2020-10-05 13:23:56,107:INFO:Compiling Metrics
2020-10-05 13:23:56,113:INFO:Initializing Fold 2
2020-10-05 13:23:56,113:INFO:Total runtime is 0.5242241303126016 minutes
2020-10-05 13:23:56,118:INFO:Fitting Model
2020-10-05 13:23:56,286:INFO:Evaluating Metrics
2020-10-05 13:23:56,303:INFO:No inverse transformer found
2020-10-05 13:23:56,303:INFO:Compiling Metrics
2020-10-05 13:23:56,309:INFO:Initializing Fold 3
2020-10-05 13:23:56,309:INFO:Total runtime is 0.5274907946586608 minutes
2020-10-05 13:23:56,315:INFO:Fitting Model
2020-10-05 13:23:56,479:INFO:Evaluating Metrics
2020-10-05 13:23:56,496:INFO:No inverse transformer found
2020-10-05 13:23:56,496:INFO:Compiling Metrics
2020-10-05 13:23:56,502:INFO:Initializing Fold 4
2020-10-05 13:23:56,503:INFO:Total runtime is 0.530733573436737 minutes
2020-10-05 13:23:56,507:INFO:Fitting Model
2020-10-05 13:23:56,673:INFO:Evaluating Metrics
2020-10-05 13:23:56,689:INFO:No inverse transformer found
2020-10-05 13:23:56,690:INFO:Compiling Metrics
2020-10-05 13:23:56,695:INFO:Initializing Fold 5
2020-10-05 13:23:56,696:INFO:Total runtime is 0.5339502573013305 minutes
2020-10-05 13:23:56,701:INFO:Fitting Model
2020-10-05 13:23:56,868:INFO:Evaluating Metrics
2020-10-05 13:23:56,885:INFO:No inverse transformer found
2020-10-05 13:23:56,885:INFO:Compiling Metrics
2020-10-05 13:23:56,890:INFO:Initializing Fold 6
2020-10-05 13:23:56,891:INFO:Total runtime is 0.5372002402941385 minutes
2020-10-05 13:23:56,896:INFO:Fitting Model
2020-10-05 13:23:57,063:INFO:Evaluating Metrics
2020-10-05 13:23:57,081:INFO:No inverse transformer found
2020-10-05 13:23:57,082:INFO:Compiling Metrics
2020-10-05 13:23:57,087:INFO:Initializing Fold 7
2020-10-05 13:23:57,088:INFO:Total runtime is 0.5404835780461629 minutes
2020-10-05 13:23:57,093:INFO:Fitting Model
2020-10-05 13:23:57,268:INFO:Evaluating Metrics
2020-10-05 13:23:57,285:INFO:No inverse transformer found
2020-10-05 13:23:57,285:INFO:Compiling Metrics
2020-10-05 13:23:57,290:INFO:Initializing Fold 8
2020-10-05 13:23:57,291:INFO:Total runtime is 0.5438669006029764 minutes
2020-10-05 13:23:57,297:INFO:Fitting Model
2020-10-05 13:23:57,470:INFO:Evaluating Metrics
2020-10-05 13:23:57,487:INFO:No inverse transformer found
2020-10-05 13:23:57,487:INFO:Compiling Metrics
2020-10-05 13:23:57,492:INFO:Initializing Fold 9
2020-10-05 13:23:57,493:INFO:Total runtime is 0.5472335735956827 minutes
2020-10-05 13:23:57,498:INFO:Fitting Model
2020-10-05 13:23:57,668:INFO:Evaluating Metrics
2020-10-05 13:23:57,688:INFO:No inverse transformer found
2020-10-05 13:23:57,688:INFO:Compiling Metrics
2020-10-05 13:23:57,697:INFO:Initializing Fold 10
2020-10-05 13:23:57,699:INFO:Total runtime is 0.5506670157114664 minutes
2020-10-05 13:23:57,705:INFO:Fitting Model
2020-10-05 13:23:57,872:INFO:Evaluating Metrics
2020-10-05 13:23:57,890:INFO:No inverse transformer found
2020-10-05 13:23:57,890:INFO:Compiling Metrics
2020-10-05 13:23:57,897:INFO:Calculating mean and std
2020-10-05 13:23:57,898:INFO:Creating metrics dataframe
2020-10-05 13:23:57,916:INFO:Initializing AdaBoost Regressor
2020-10-05 13:23:57,921:INFO:Initializing Fold 1
2020-10-05 13:23:57,922:INFO:Total runtime is 0.5543835838635761 minutes
2020-10-05 13:23:57,927:INFO:Fitting Model
2020-10-05 13:23:58,024:INFO:Evaluating Metrics
2020-10-05 13:23:58,027:INFO:No inverse transformer found
2020-10-05 13:23:58,027:INFO:Compiling Metrics
2020-10-05 13:23:58,033:INFO:Initializing Fold 2
2020-10-05 13:23:58,033:INFO:Total runtime is 0.5562267859776814 minutes
2020-10-05 13:23:58,037:INFO:Fitting Model
2020-10-05 13:23:58,112:INFO:Evaluating Metrics
2020-10-05 13:23:58,115:INFO:No inverse transformer found
2020-10-05 13:23:58,115:INFO:Compiling Metrics
2020-10-05 13:23:58,120:INFO:Initializing Fold 3
2020-10-05 13:23:58,121:INFO:Total runtime is 0.5576934695243835 minutes
2020-10-05 13:23:58,125:INFO:Fitting Model
2020-10-05 13:23:58,168:INFO:Evaluating Metrics
2020-10-05 13:23:58,170:INFO:No inverse transformer found
2020-10-05 13:23:58,170:INFO:Compiling Metrics
2020-10-05 13:23:58,175:INFO:Initializing Fold 4
2020-10-05 13:23:58,176:INFO:Total runtime is 0.5586101214090983 minutes
2020-10-05 13:23:58,180:INFO:Fitting Model
2020-10-05 13:23:58,226:INFO:Evaluating Metrics
2020-10-05 13:23:58,229:INFO:No inverse transformer found
2020-10-05 13:23:58,229:INFO:Compiling Metrics
2020-10-05 13:23:58,234:INFO:Initializing Fold 5
2020-10-05 13:23:58,235:INFO:Total runtime is 0.5595934589703877 minutes
2020-10-05 13:23:58,239:INFO:Fitting Model
2020-10-05 13:23:58,323:INFO:Evaluating Metrics
2020-10-05 13:23:58,326:INFO:No inverse transformer found
2020-10-05 13:23:58,326:INFO:Compiling Metrics
2020-10-05 13:23:58,336:INFO:Initializing Fold 6
2020-10-05 13:23:58,337:INFO:Total runtime is 0.5612940907478332 minutes
2020-10-05 13:23:58,342:INFO:Fitting Model
2020-10-05 13:23:58,392:INFO:Evaluating Metrics
2020-10-05 13:23:58,394:INFO:No inverse transformer found
2020-10-05 13:23:58,395:INFO:Compiling Metrics
2020-10-05 13:23:58,400:INFO:Initializing Fold 7
2020-10-05 13:23:58,400:INFO:Total runtime is 0.5623467524846394 minutes
2020-10-05 13:23:58,404:INFO:Fitting Model
2020-10-05 13:23:58,432:INFO:Evaluating Metrics
2020-10-05 13:23:58,434:INFO:No inverse transformer found
2020-10-05 13:23:58,434:INFO:Compiling Metrics
2020-10-05 13:23:58,439:INFO:Initializing Fold 8
2020-10-05 13:23:58,440:INFO:Total runtime is 0.5630134383837381 minutes
2020-10-05 13:23:58,445:INFO:Fitting Model
2020-10-05 13:23:58,508:INFO:Evaluating Metrics
2020-10-05 13:23:58,511:INFO:No inverse transformer found
2020-10-05 13:23:58,511:INFO:Compiling Metrics
2020-10-05 13:23:58,516:INFO:Initializing Fold 9
2020-10-05 13:23:58,516:INFO:Total runtime is 0.5642800927162169 minutes
2020-10-05 13:23:58,520:INFO:Fitting Model
2020-10-05 13:23:58,570:INFO:Evaluating Metrics
2020-10-05 13:23:58,572:INFO:No inverse transformer found
2020-10-05 13:23:58,572:INFO:Compiling Metrics
2020-10-05 13:23:58,577:INFO:Initializing Fold 10
2020-10-05 13:23:58,578:INFO:Total runtime is 0.56531343460083 minutes
2020-10-05 13:23:58,583:INFO:Fitting Model
2020-10-05 13:23:58,629:INFO:Evaluating Metrics
2020-10-05 13:23:58,632:INFO:No inverse transformer found
2020-10-05 13:23:58,632:INFO:Compiling Metrics
2020-10-05 13:23:58,637:INFO:Calculating mean and std
2020-10-05 13:23:58,637:INFO:Creating metrics dataframe
2020-10-05 13:23:58,651:INFO:Initializing Gradient Boosting Regressor
2020-10-05 13:23:58,656:INFO:Initializing Fold 1
2020-10-05 13:23:58,656:INFO:Total runtime is 0.5666134317715962 minutes
2020-10-05 13:23:58,662:INFO:Fitting Model
2020-10-05 13:23:58,874:INFO:Evaluating Metrics
2020-10-05 13:23:58,876:INFO:No inverse transformer found
2020-10-05 13:23:58,876:INFO:Compiling Metrics
2020-10-05 13:23:58,881:INFO:Initializing Fold 2
2020-10-05 13:23:58,882:INFO:Total runtime is 0.5703829844792683 minutes
2020-10-05 13:23:58,886:INFO:Fitting Model
2020-10-05 13:23:59,092:INFO:Evaluating Metrics
2020-10-05 13:23:59,093:INFO:No inverse transformer found
2020-10-05 13:23:59,093:INFO:Compiling Metrics
2020-10-05 13:23:59,098:INFO:Initializing Fold 3
2020-10-05 13:23:59,099:INFO:Total runtime is 0.5739996512730915 minutes
2020-10-05 13:23:59,103:INFO:Fitting Model
2020-10-05 13:23:59,311:INFO:Evaluating Metrics
2020-10-05 13:23:59,313:INFO:No inverse transformer found
2020-10-05 13:23:59,313:INFO:Compiling Metrics
2020-10-05 13:23:59,318:INFO:Initializing Fold 4
2020-10-05 13:23:59,318:INFO:Total runtime is 0.5776494781176248 minutes
2020-10-05 13:23:59,323:INFO:Fitting Model
2020-10-05 13:23:59,529:INFO:Evaluating Metrics
2020-10-05 13:23:59,531:INFO:No inverse transformer found
2020-10-05 13:23:59,531:INFO:Compiling Metrics
2020-10-05 13:23:59,536:INFO:Initializing Fold 5
2020-10-05 13:23:59,536:INFO:Total runtime is 0.5812828024228412 minutes
2020-10-05 13:23:59,541:INFO:Fitting Model
2020-10-05 13:23:59,761:INFO:Evaluating Metrics
2020-10-05 13:23:59,763:INFO:No inverse transformer found
2020-10-05 13:23:59,763:INFO:Compiling Metrics
2020-10-05 13:23:59,768:INFO:Initializing Fold 6
2020-10-05 13:23:59,769:INFO:Total runtime is 0.5851661403973896 minutes
2020-10-05 13:23:59,773:INFO:Fitting Model
2020-10-05 13:23:59,980:INFO:Evaluating Metrics
2020-10-05 13:23:59,982:INFO:No inverse transformer found
2020-10-05 13:23:59,982:INFO:Compiling Metrics
2020-10-05 13:23:59,987:INFO:Initializing Fold 7
2020-10-05 13:23:59,987:INFO:Total runtime is 0.5887922366460163 minutes
2020-10-05 13:23:59,992:INFO:Fitting Model
2020-10-05 13:24:00,203:INFO:Evaluating Metrics
2020-10-05 13:24:00,204:INFO:No inverse transformer found
2020-10-05 13:24:00,204:INFO:Compiling Metrics
2020-10-05 13:24:00,209:INFO:Initializing Fold 8
2020-10-05 13:24:00,210:INFO:Total runtime is 0.5925067981084187 minutes
2020-10-05 13:24:00,213:INFO:Fitting Model
2020-10-05 13:24:00,420:INFO:Evaluating Metrics
2020-10-05 13:24:00,422:INFO:No inverse transformer found
2020-10-05 13:24:00,422:INFO:Compiling Metrics
2020-10-05 13:24:00,427:INFO:Initializing Fold 9
2020-10-05 13:24:00,428:INFO:Total runtime is 0.5961476286252338 minutes
2020-10-05 13:24:00,432:INFO:Fitting Model
2020-10-05 13:24:00,641:INFO:Evaluating Metrics
2020-10-05 13:24:00,643:INFO:No inverse transformer found
2020-10-05 13:24:00,643:INFO:Compiling Metrics
2020-10-05 13:24:00,648:INFO:Initializing Fold 10
2020-10-05 13:24:00,648:INFO:Total runtime is 0.5998138030370075 minutes
2020-10-05 13:24:00,653:INFO:Fitting Model
2020-10-05 13:24:00,864:INFO:Evaluating Metrics
2020-10-05 13:24:00,865:INFO:No inverse transformer found
2020-10-05 13:24:00,865:INFO:Compiling Metrics
2020-10-05 13:24:00,870:INFO:Calculating mean and std
2020-10-05 13:24:00,871:INFO:Creating metrics dataframe
2020-10-05 13:24:00,883:INFO:Initializing Extreme Gradient Boosting
2020-10-05 13:24:00,888:INFO:Initializing Fold 1
2020-10-05 13:24:00,888:INFO:Total runtime is 0.6038138071695962 minutes
2020-10-05 13:24:00,894:INFO:Fitting Model
2020-10-05 13:24:01,335:INFO:Evaluating Metrics
2020-10-05 13:24:01,338:INFO:No inverse transformer found
2020-10-05 13:24:01,338:INFO:Compiling Metrics
2020-10-05 13:24:01,350:INFO:Initializing Fold 2
2020-10-05 13:24:01,351:INFO:Total runtime is 0.6115304946899413 minutes
2020-10-05 13:24:01,360:INFO:Fitting Model
2020-10-05 13:24:01,462:INFO:Evaluating Metrics
2020-10-05 13:24:01,466:INFO:No inverse transformer found
2020-10-05 13:24:01,466:INFO:Compiling Metrics
2020-10-05 13:24:01,478:INFO:Initializing Fold 3
2020-10-05 13:24:01,479:INFO:Total runtime is 0.6136638402938841 minutes
2020-10-05 13:24:01,488:INFO:Fitting Model
2020-10-05 13:24:01,600:INFO:Evaluating Metrics
2020-10-05 13:24:01,605:INFO:No inverse transformer found
2020-10-05 13:24:01,605:INFO:Compiling Metrics
2020-10-05 13:24:01,618:INFO:Initializing Fold 4
2020-10-05 13:24:01,619:INFO:Total runtime is 0.6159971396128335 minutes
2020-10-05 13:24:01,629:INFO:Fitting Model
2020-10-05 13:24:01,741:INFO:Evaluating Metrics
2020-10-05 13:24:01,746:INFO:No inverse transformer found
2020-10-05 13:24:01,746:INFO:Compiling Metrics
2020-10-05 13:24:01,759:INFO:Initializing Fold 5
2020-10-05 13:24:01,760:INFO:Total runtime is 0.6183471481005349 minutes
2020-10-05 13:24:01,770:INFO:Fitting Model
2020-10-05 13:24:01,886:INFO:Evaluating Metrics
2020-10-05 13:24:01,891:INFO:No inverse transformer found
2020-10-05 13:24:01,891:INFO:Compiling Metrics
2020-10-05 13:24:01,904:INFO:Initializing Fold 6
2020-10-05 13:24:01,906:INFO:Total runtime is 0.6207804838816323 minutes
2020-10-05 13:24:01,916:INFO:Fitting Model
2020-10-05 13:24:02,027:INFO:Evaluating Metrics
2020-10-05 13:24:02,032:INFO:No inverse transformer found
2020-10-05 13:24:02,032:INFO:Compiling Metrics
2020-10-05 13:24:02,045:INFO:Initializing Fold 7
2020-10-05 13:24:02,046:INFO:Total runtime is 0.6231138308842975 minutes
2020-10-05 13:24:02,057:INFO:Fitting Model
2020-10-05 13:24:02,172:INFO:Evaluating Metrics
2020-10-05 13:24:02,177:INFO:No inverse transformer found
2020-10-05 13:24:02,177:INFO:Compiling Metrics
2020-10-05 13:24:02,190:INFO:Initializing Fold 8
2020-10-05 13:24:02,191:INFO:Total runtime is 0.6255304733912148 minutes
2020-10-05 13:24:02,201:INFO:Fitting Model
2020-10-05 13:24:02,314:INFO:Evaluating Metrics
2020-10-05 13:24:02,319:INFO:No inverse transformer found
2020-10-05 13:24:02,319:INFO:Compiling Metrics
2020-10-05 13:24:02,331:INFO:Initializing Fold 9
2020-10-05 13:24:02,333:INFO:Total runtime is 0.6278971751530963 minutes
2020-10-05 13:24:02,343:INFO:Fitting Model
2020-10-05 13:24:02,452:INFO:Evaluating Metrics
2020-10-05 13:24:02,457:INFO:No inverse transformer found
2020-10-05 13:24:02,457:INFO:Compiling Metrics
2020-10-05 13:24:02,471:INFO:Initializing Fold 10
2020-10-05 13:24:02,472:INFO:Total runtime is 0.6302138884862262 minutes
2020-10-05 13:24:02,482:INFO:Fitting Model
2020-10-05 13:24:02,594:INFO:Evaluating Metrics
2020-10-05 13:24:02,599:INFO:No inverse transformer found
2020-10-05 13:24:02,600:INFO:Compiling Metrics
2020-10-05 13:24:02,612:INFO:Calculating mean and std
2020-10-05 13:24:02,613:INFO:Creating metrics dataframe
2020-10-05 13:24:02,647:INFO:Initializing Light Gradient Boosting Machine
2020-10-05 13:24:02,659:INFO:Initializing Fold 1
2020-10-05 13:24:02,660:INFO:Total runtime is 0.6333472092946368 minutes
2020-10-05 13:24:02,670:INFO:Fitting Model
2020-10-05 13:24:02,805:INFO:Evaluating Metrics
2020-10-05 13:24:02,810:INFO:No inverse transformer found
2020-10-05 13:24:02,810:INFO:Compiling Metrics
2020-10-05 13:24:02,823:INFO:Initializing Fold 2
2020-10-05 13:24:02,824:INFO:Total runtime is 0.636080475648244 minutes
2020-10-05 13:24:02,835:INFO:Fitting Model
2020-10-05 13:24:02,958:INFO:Evaluating Metrics
2020-10-05 13:24:02,963:INFO:No inverse transformer found
2020-10-05 13:24:02,963:INFO:Compiling Metrics
2020-10-05 13:24:02,975:INFO:Initializing Fold 3
2020-10-05 13:24:02,977:INFO:Total runtime is 0.6386305173238116 minutes
2020-10-05 13:24:02,987:INFO:Fitting Model
2020-10-05 13:24:03,138:INFO:Evaluating Metrics
2020-10-05 13:24:03,143:INFO:No inverse transformer found
2020-10-05 13:24:03,143:INFO:Compiling Metrics
2020-10-05 13:24:03,156:INFO:Initializing Fold 4
2020-10-05 13:24:03,157:INFO:Total runtime is 0.6416304787000018 minutes
2020-10-05 13:24:03,167:INFO:Fitting Model
2020-10-05 13:24:03,317:INFO:Evaluating Metrics
2020-10-05 13:24:03,322:INFO:No inverse transformer found
2020-10-05 13:24:03,322:INFO:Compiling Metrics
2020-10-05 13:24:03,334:INFO:Initializing Fold 5
2020-10-05 13:24:03,335:INFO:Total runtime is 0.6445971131324766 minutes
2020-10-05 13:24:03,346:INFO:Fitting Model
2020-10-05 13:24:03,476:INFO:Evaluating Metrics
2020-10-05 13:24:03,481:INFO:No inverse transformer found
2020-10-05 13:24:03,481:INFO:Compiling Metrics
2020-10-05 13:24:03,494:INFO:Initializing Fold 6
2020-10-05 13:24:03,495:INFO:Total runtime is 0.6472638090451556 minutes
2020-10-05 13:24:03,506:INFO:Fitting Model
2020-10-05 13:24:03,660:INFO:Evaluating Metrics
2020-10-05 13:24:03,664:INFO:No inverse transformer found
2020-10-05 13:24:03,665:INFO:Compiling Metrics
2020-10-05 13:24:03,678:INFO:Initializing Fold 7
2020-10-05 13:24:03,680:INFO:Total runtime is 0.6503305594126381 minutes
2020-10-05 13:24:03,690:INFO:Fitting Model
2020-10-05 13:24:03,856:INFO:Evaluating Metrics
2020-10-05 13:24:03,861:INFO:No inverse transformer found
2020-10-05 13:24:03,861:INFO:Compiling Metrics
2020-10-05 13:24:03,874:INFO:Initializing Fold 8
2020-10-05 13:24:03,875:INFO:Total runtime is 0.6535971562067665 minutes
2020-10-05 13:24:03,887:INFO:Fitting Model
2020-10-05 13:24:04,047:INFO:Evaluating Metrics
2020-10-05 13:24:04,052:INFO:No inverse transformer found
2020-10-05 13:24:04,052:INFO:Compiling Metrics
2020-10-05 13:24:04,065:INFO:Initializing Fold 9
2020-10-05 13:24:04,067:INFO:Total runtime is 0.6567971467971799 minutes
2020-10-05 13:24:04,077:INFO:Fitting Model
2020-10-05 13:24:04,232:INFO:Evaluating Metrics
2020-10-05 13:24:04,237:INFO:No inverse transformer found
2020-10-05 13:24:04,237:INFO:Compiling Metrics
2020-10-05 13:24:04,250:INFO:Initializing Fold 10
2020-10-05 13:24:04,252:INFO:Total runtime is 0.6598805546760557 minutes
2020-10-05 13:24:04,262:INFO:Fitting Model
2020-10-05 13:24:04,407:INFO:Evaluating Metrics
2020-10-05 13:24:04,411:INFO:No inverse transformer found
2020-10-05 13:24:04,412:INFO:Compiling Metrics
2020-10-05 13:24:04,424:INFO:Calculating mean and std
2020-10-05 13:24:04,425:INFO:Creating metrics dataframe
2020-10-05 13:24:04,460:INFO:Initializing CatBoost Regressor
2020-10-05 13:24:04,471:INFO:Initializing Fold 1
2020-10-05 13:24:04,472:INFO:Total runtime is 0.6635471979777016 minutes
2020-10-05 13:24:04,482:INFO:Fitting Model
2020-10-05 13:24:07,212:INFO:Evaluating Metrics
2020-10-05 13:24:07,220:INFO:No inverse transformer found
2020-10-05 13:24:07,220:INFO:Compiling Metrics
2020-10-05 13:24:07,226:INFO:Initializing Fold 2
2020-10-05 13:24:07,227:INFO:Total runtime is 0.7094697992006935 minutes
2020-10-05 13:24:07,233:INFO:Fitting Model
2020-10-05 13:24:09,614:INFO:Evaluating Metrics
2020-10-05 13:24:09,618:INFO:No inverse transformer found
2020-10-05 13:24:09,618:INFO:Compiling Metrics
2020-10-05 13:24:09,624:INFO:Initializing Fold 3
2020-10-05 13:24:09,625:INFO:Total runtime is 0.7494364460309344 minutes
2020-10-05 13:24:09,629:INFO:Fitting Model
2020-10-05 13:24:11,725:INFO:Evaluating Metrics
2020-10-05 13:24:11,729:INFO:No inverse transformer found
2020-10-05 13:24:11,729:INFO:Compiling Metrics
2020-10-05 13:24:11,735:INFO:Initializing Fold 4
2020-10-05 13:24:11,735:INFO:Total runtime is 0.7846031030019122 minutes
2020-10-05 13:24:11,740:INFO:Fitting Model
2020-10-05 13:24:13,757:INFO:Evaluating Metrics
2020-10-05 13:24:13,762:INFO:No inverse transformer found
2020-10-05 13:24:13,762:INFO:Compiling Metrics
2020-10-05 13:24:13,767:INFO:Initializing Fold 5
2020-10-05 13:24:13,767:INFO:Total runtime is 0.8184697906176246 minutes
2020-10-05 13:24:13,773:INFO:Fitting Model
2020-10-05 13:24:15,805:INFO:Evaluating Metrics
2020-10-05 13:24:15,809:INFO:No inverse transformer found
2020-10-05 13:24:15,809:INFO:Compiling Metrics
2020-10-05 13:24:15,814:INFO:Initializing Fold 6
2020-10-05 13:24:15,815:INFO:Total runtime is 0.8526030937830604 minutes
2020-10-05 13:24:15,820:INFO:Fitting Model
2020-10-05 13:24:17,806:INFO:Evaluating Metrics
2020-10-05 13:24:17,811:INFO:No inverse transformer found
2020-10-05 13:24:17,811:INFO:Compiling Metrics
2020-10-05 13:24:17,817:INFO:Initializing Fold 7
2020-10-05 13:24:17,817:INFO:Total runtime is 0.8859697898228961 minutes
2020-10-05 13:24:17,822:INFO:Fitting Model
2020-10-05 13:24:19,869:INFO:Evaluating Metrics
2020-10-05 13:24:19,873:INFO:No inverse transformer found
2020-10-05 13:24:19,874:INFO:Compiling Metrics
2020-10-05 13:24:19,879:INFO:Initializing Fold 8
2020-10-05 13:24:19,879:INFO:Total runtime is 0.9203364411989845 minutes
2020-10-05 13:24:19,884:INFO:Fitting Model
2020-10-05 13:24:22,251:INFO:Evaluating Metrics
2020-10-05 13:24:22,258:INFO:No inverse transformer found
2020-10-05 13:24:22,258:INFO:Compiling Metrics
2020-10-05 13:24:22,265:INFO:Initializing Fold 9
2020-10-05 13:24:22,266:INFO:Total runtime is 0.9601197322209674 minutes
2020-10-05 13:24:22,275:INFO:Fitting Model
2020-10-05 13:24:24,793:INFO:Evaluating Metrics
2020-10-05 13:24:24,797:INFO:No inverse transformer found
2020-10-05 13:24:24,797:INFO:Compiling Metrics
2020-10-05 13:24:24,802:INFO:Initializing Fold 10
2020-10-05 13:24:24,803:INFO:Total runtime is 1.0024045070012408 minutes
2020-10-05 13:24:24,808:INFO:Fitting Model
2020-10-05 13:24:26,864:INFO:Evaluating Metrics
2020-10-05 13:24:26,869:INFO:No inverse transformer found
2020-10-05 13:24:26,869:INFO:Compiling Metrics
2020-10-05 13:24:26,875:INFO:Calculating mean and std
2020-10-05 13:24:26,875:INFO:Creating metrics dataframe
2020-10-05 13:24:26,903:INFO:Finalizing top_n models
2020-10-05 13:24:26,903:INFO:SubProcess create_model() called ==================================
2020-10-05 13:24:26,908:INFO:Initializing create_model()
2020-10-05 13:24:26,908:INFO:create_model(estimator=gbr, ensemble=False, method=None, fold=10, round=4, cross_validation=True, verbose=False, system=False)
2020-10-05 13:24:26,908:INFO:Checking exceptions
2020-10-05 13:24:26,908:INFO:Preloading libraries
2020-10-05 13:24:26,908:INFO:Preparing display monitor
2020-10-05 13:24:26,918:INFO:Copying training dataset
2020-10-05 13:24:26,918:INFO:Importing libraries
2020-10-05 13:24:26,919:INFO:Defining folds
2020-10-05 13:24:26,920:INFO:Declaring metric variables
2020-10-05 13:24:26,920:INFO:Gradient Boosting Regressor Imported succesfully
2020-10-05 13:24:26,920:INFO:Checking ensemble method
2020-10-05 13:24:26,921:INFO:Initializing Fold 1
2020-10-05 13:24:26,923:INFO:Fitting Model
2020-10-05 13:24:27,149:INFO:Evaluating Metrics
2020-10-05 13:24:27,152:INFO:No inverse transformation
2020-10-05 13:24:27,152:INFO:Compiling Metrics
2020-10-05 13:24:27,157:INFO:Initializing Fold 2
2020-10-05 13:24:27,159:INFO:Fitting Model
2020-10-05 13:24:27,381:INFO:Evaluating Metrics
2020-10-05 13:24:27,383:INFO:No inverse transformation
2020-10-05 13:24:27,383:INFO:Compiling Metrics
2020-10-05 13:24:27,388:INFO:Initializing Fold 3
2020-10-05 13:24:27,389:INFO:Fitting Model
2020-10-05 13:24:27,596:INFO:Evaluating Metrics
2020-10-05 13:24:27,598:INFO:No inverse transformation
2020-10-05 13:24:27,598:INFO:Compiling Metrics
2020-10-05 13:24:27,602:INFO:Initializing Fold 4
2020-10-05 13:24:27,604:INFO:Fitting Model
2020-10-05 13:24:27,806:INFO:Evaluating Metrics
2020-10-05 13:24:27,807:INFO:No inverse transformation
2020-10-05 13:24:27,807:INFO:Compiling Metrics
2020-10-05 13:24:27,812:INFO:Initializing Fold 5
2020-10-05 13:24:27,813:INFO:Fitting Model
2020-10-05 13:24:28,012:INFO:Evaluating Metrics
2020-10-05 13:24:28,014:INFO:No inverse transformation
2020-10-05 13:24:28,014:INFO:Compiling Metrics
2020-10-05 13:24:28,019:INFO:Initializing Fold 6
2020-10-05 13:24:28,021:INFO:Fitting Model
2020-10-05 13:24:28,222:INFO:Evaluating Metrics
2020-10-05 13:24:28,224:INFO:No inverse transformation
2020-10-05 13:24:28,224:INFO:Compiling Metrics
2020-10-05 13:24:28,228:INFO:Initializing Fold 7
2020-10-05 13:24:28,229:INFO:Fitting Model
2020-10-05 13:24:28,431:INFO:Evaluating Metrics
2020-10-05 13:24:28,433:INFO:No inverse transformation
2020-10-05 13:24:28,433:INFO:Compiling Metrics
2020-10-05 13:24:28,438:INFO:Initializing Fold 8
2020-10-05 13:24:28,439:INFO:Fitting Model
2020-10-05 13:24:28,639:INFO:Evaluating Metrics
2020-10-05 13:24:28,641:INFO:No inverse transformation
2020-10-05 13:24:28,641:INFO:Compiling Metrics
2020-10-05 13:24:28,645:INFO:Initializing Fold 9
2020-10-05 13:24:28,646:INFO:Fitting Model
2020-10-05 13:24:28,849:INFO:Evaluating Metrics
2020-10-05 13:24:28,851:INFO:No inverse transformation
2020-10-05 13:24:28,851:INFO:Compiling Metrics
2020-10-05 13:24:28,856:INFO:Initializing Fold 10
2020-10-05 13:24:28,857:INFO:Fitting Model
2020-10-05 13:24:29,057:INFO:Evaluating Metrics
2020-10-05 13:24:29,059:INFO:No inverse transformation
2020-10-05 13:24:29,059:INFO:Compiling Metrics
2020-10-05 13:24:29,063:INFO:Calculating mean and std
2020-10-05 13:24:29,064:INFO:Creating metrics dataframe
2020-10-05 13:24:29,067:INFO:Finalizing model
2020-10-05 13:24:29,291:INFO:Uploading results into container
2020-10-05 13:24:29,291:INFO:Uploading model into container
2020-10-05 13:24:29,291:INFO:create_model_container: 1
2020-10-05 13:24:29,291:INFO:master_model_container: 1
2020-10-05 13:24:29,291:INFO:display_container: 1
2020-10-05 13:24:29,292:INFO:GradientBoostingRegressor(alpha=0.9, ccp_alpha=0.0, criterion='friedman_mse',
                          init=None, learning_rate=0.1, loss='ls', max_depth=3,
                          max_features=None, max_leaf_nodes=None,
                          min_impurity_decrease=0.0, min_impurity_split=None,
                          min_samples_leaf=1, min_samples_split=2,
                          min_weight_fraction_leaf=0.0, n_estimators=100,
                          n_iter_no_change=None, presort='deprecated',
                          random_state=123, subsample=1.0, tol=0.0001,
                          validation_fraction=0.1, verbose=0, warm_start=False)
2020-10-05 13:24:29,292:INFO:create_model() succesfully completed......................................
2020-10-05 13:24:29,292:INFO:SubProcess create_model() end ==================================
2020-10-05 13:24:29,359:INFO:create_model_container: 1
2020-10-05 13:24:29,359:INFO:master_model_container: 1
2020-10-05 13:24:29,359:INFO:display_container: 2
2020-10-05 13:24:29,360:INFO:GradientBoostingRegressor(alpha=0.9, ccp_alpha=0.0, criterion='friedman_mse',
                          init=None, learning_rate=0.1, loss='ls', max_depth=3,
                          max_features=None, max_leaf_nodes=None,
                          min_impurity_decrease=0.0, min_impurity_split=None,
                          min_samples_leaf=1, min_samples_split=2,
                          min_weight_fraction_leaf=0.0, n_estimators=100,
                          n_iter_no_change=None, presort='deprecated',
                          random_state=123, subsample=1.0, tol=0.0001,
                          validation_fraction=0.1, verbose=0, warm_start=False)
2020-10-05 13:24:29,360:INFO:compare_models() succesfully completed......................................
2020-10-05 13:25:49,939:INFO:Initializing create_model()
2020-10-05 13:25:49,939:INFO:create_model(estimator=gbr, ensemble=False, method=None, fold=10, round=4, cross_validation=True, verbose=True, system=True)
2020-10-05 13:25:49,939:INFO:Checking exceptions
2020-10-05 13:25:49,939:INFO:Preloading libraries
2020-10-05 13:25:49,939:INFO:Preparing display monitor
2020-10-05 13:25:49,956:INFO:Copying training dataset
2020-10-05 13:25:49,957:INFO:Importing libraries
2020-10-05 13:25:49,957:INFO:Defining folds
2020-10-05 13:25:49,958:INFO:Declaring metric variables
2020-10-05 13:25:49,962:INFO:Gradient Boosting Regressor Imported succesfully
2020-10-05 13:25:49,962:INFO:Checking ensemble method
2020-10-05 13:25:49,967:INFO:Initializing Fold 1
2020-10-05 13:25:49,975:INFO:Fitting Model
2020-10-05 13:25:50,184:INFO:Evaluating Metrics
2020-10-05 13:25:50,186:INFO:No inverse transformation
2020-10-05 13:25:50,186:INFO:Compiling Metrics
2020-10-05 13:25:50,199:INFO:Initializing Fold 2
2020-10-05 13:25:50,204:INFO:Fitting Model
2020-10-05 13:25:50,413:INFO:Evaluating Metrics
2020-10-05 13:25:50,414:INFO:No inverse transformation
2020-10-05 13:25:50,414:INFO:Compiling Metrics
2020-10-05 13:25:50,427:INFO:Initializing Fold 3
2020-10-05 13:25:50,430:INFO:Fitting Model
2020-10-05 13:25:50,636:INFO:Evaluating Metrics
2020-10-05 13:25:50,638:INFO:No inverse transformation
2020-10-05 13:25:50,638:INFO:Compiling Metrics
2020-10-05 13:25:50,650:INFO:Initializing Fold 4
2020-10-05 13:25:50,655:INFO:Fitting Model
2020-10-05 13:25:50,879:INFO:Evaluating Metrics
2020-10-05 13:25:50,881:INFO:No inverse transformation
2020-10-05 13:25:50,881:INFO:Compiling Metrics
2020-10-05 13:25:50,893:INFO:Initializing Fold 5
2020-10-05 13:25:50,899:INFO:Fitting Model
2020-10-05 13:25:51,141:INFO:Evaluating Metrics
2020-10-05 13:25:51,143:INFO:No inverse transformation
2020-10-05 13:25:51,143:INFO:Compiling Metrics
2020-10-05 13:25:51,159:INFO:Initializing Fold 6
2020-10-05 13:25:51,165:INFO:Fitting Model
2020-10-05 13:25:51,381:INFO:Evaluating Metrics
2020-10-05 13:25:51,383:INFO:No inverse transformation
2020-10-05 13:25:51,383:INFO:Compiling Metrics
2020-10-05 13:25:51,397:INFO:Initializing Fold 7
2020-10-05 13:25:51,401:INFO:Fitting Model
2020-10-05 13:25:51,611:INFO:Evaluating Metrics
2020-10-05 13:25:51,613:INFO:No inverse transformation
2020-10-05 13:25:51,613:INFO:Compiling Metrics
2020-10-05 13:25:51,629:INFO:Initializing Fold 8
2020-10-05 13:25:51,635:INFO:Fitting Model
2020-10-05 13:25:51,848:INFO:Evaluating Metrics
2020-10-05 13:25:51,850:INFO:No inverse transformation
2020-10-05 13:25:51,850:INFO:Compiling Metrics
2020-10-05 13:25:51,865:INFO:Initializing Fold 9
2020-10-05 13:25:51,870:INFO:Fitting Model
2020-10-05 13:25:52,076:INFO:Evaluating Metrics
2020-10-05 13:25:52,078:INFO:No inverse transformation
2020-10-05 13:25:52,078:INFO:Compiling Metrics
2020-10-05 13:25:52,094:INFO:Initializing Fold 10
2020-10-05 13:25:52,099:INFO:Fitting Model
2020-10-05 13:25:52,315:INFO:Evaluating Metrics
2020-10-05 13:25:52,317:INFO:No inverse transformation
2020-10-05 13:25:52,317:INFO:Compiling Metrics
2020-10-05 13:25:52,331:INFO:Calculating mean and std
2020-10-05 13:25:52,332:INFO:Creating metrics dataframe
2020-10-05 13:25:52,339:INFO:Finalizing model
2020-10-05 13:25:52,572:INFO:Uploading results into container
2020-10-05 13:25:52,572:INFO:Uploading model into container
2020-10-05 13:25:52,600:INFO:create_model_container: 2
2020-10-05 13:25:52,600:INFO:master_model_container: 2
2020-10-05 13:25:52,600:INFO:display_container: 3
2020-10-05 13:25:52,601:INFO:GradientBoostingRegressor(alpha=0.9, ccp_alpha=0.0, criterion='friedman_mse',
                          init=None, learning_rate=0.1, loss='ls', max_depth=3,
                          max_features=None, max_leaf_nodes=None,
                          min_impurity_decrease=0.0, min_impurity_split=None,
                          min_samples_leaf=1, min_samples_split=2,
                          min_weight_fraction_leaf=0.0, n_estimators=100,
                          n_iter_no_change=None, presort='deprecated',
                          random_state=123, subsample=1.0, tol=0.0001,
                          validation_fraction=0.1, verbose=0, warm_start=False)
2020-10-05 13:25:52,601:INFO:create_model() succesfully completed......................................
2020-10-05 13:26:28,263:INFO:Initializing plot_model()
2020-10-05 13:26:28,264:INFO:plot_model(estimator=GradientBoostingRegressor(alpha=0.9, ccp_alpha=0.0, criterion='friedman_mse',
                          init=None, learning_rate=0.1, loss='ls', max_depth=3,
                          max_features=None, max_leaf_nodes=None,
                          min_impurity_decrease=0.0, min_impurity_split=None,
                          min_samples_leaf=1, min_samples_split=2,
                          min_weight_fraction_leaf=0.0, n_estimators=100,
                          n_iter_no_change=None, presort='deprecated',
                          random_state=123, subsample=1.0, tol=0.0001,
                          validation_fraction=0.1, verbose=0, warm_start=False), plot=residuals, save=False, verbose=True, system=True)
2020-10-05 13:26:28,264:INFO:Checking exceptions
2020-10-05 13:26:28,265:INFO:Preloading libraries
2020-10-05 13:26:28,265:INFO:Preparing display monitor
2020-10-05 13:26:28,271:INFO:Importing libraries
2020-10-05 13:26:28,271:INFO:plot type: residuals
2020-10-05 13:26:28,367:INFO:Fitting Model
2020-10-05 13:26:28,398:INFO:Scoring test/hold-out set
2020-10-05 13:26:28,932:INFO:Visual Rendered Successfully
2020-10-05 13:26:28,933:INFO:plot_model() succesfully completed......................................
2020-10-05 13:27:10,373:INFO:Initializing plot_model()
2020-10-05 13:27:10,373:INFO:plot_model(estimator=GradientBoostingRegressor(alpha=0.9, ccp_alpha=0.0, criterion='friedman_mse',
                          init=None, learning_rate=0.1, loss='ls', max_depth=3,
                          max_features=None, max_leaf_nodes=None,
                          min_impurity_decrease=0.0, min_impurity_split=None,
                          min_samples_leaf=1, min_samples_split=2,
                          min_weight_fraction_leaf=0.0, n_estimators=100,
                          n_iter_no_change=None, presort='deprecated',
                          random_state=123, subsample=1.0, tol=0.0001,
                          validation_fraction=0.1, verbose=0, warm_start=False), plot=parameter, save=False, verbose=True, system=True)
2020-10-05 13:27:10,373:INFO:Checking exceptions
2020-10-05 13:27:10,374:INFO:Preloading libraries
2020-10-05 13:27:10,374:INFO:Preparing display monitor
2020-10-05 13:27:10,380:INFO:Importing libraries
2020-10-05 13:27:10,381:INFO:plot type: parameter
2020-10-05 13:27:10,389:INFO:Visual Rendered Successfully
2020-10-05 13:27:10,389:INFO:plot_model() succesfully completed......................................
2020-10-05 13:27:14,274:INFO:Initializing plot_model()
2020-10-05 13:27:14,274:INFO:plot_model(estimator=GradientBoostingRegressor(alpha=0.9, ccp_alpha=0.0, criterion='friedman_mse',
                          init=None, learning_rate=0.1, loss='ls', max_depth=3,
                          max_features=None, max_leaf_nodes=None,
                          min_impurity_decrease=0.0, min_impurity_split=None,
                          min_samples_leaf=1, min_samples_split=2,
                          min_weight_fraction_leaf=0.0, n_estimators=100,
                          n_iter_no_change=None, presort='deprecated',
                          random_state=123, subsample=1.0, tol=0.0001,
                          validation_fraction=0.1, verbose=0, warm_start=False), plot=error, save=False, verbose=True, system=True)
2020-10-05 13:27:14,274:INFO:Checking exceptions
2020-10-05 13:27:14,275:INFO:Preloading libraries
2020-10-05 13:27:14,275:INFO:Preparing display monitor
2020-10-05 13:27:14,281:INFO:Importing libraries
2020-10-05 13:27:14,281:INFO:plot type: error
2020-10-05 13:27:14,282:INFO:Fitting Model
2020-10-05 13:27:14,283:INFO:Scoring test/hold-out set
2020-10-05 13:27:14,462:INFO:Visual Rendered Successfully
2020-10-05 13:27:14,462:INFO:plot_model() succesfully completed......................................
2020-10-05 13:27:32,809:INFO:Initializing save_model()
2020-10-05 13:27:32,809:INFO:save_model(model=GradientBoostingRegressor(alpha=0.9, ccp_alpha=0.0, criterion='friedman_mse',
                          init=None, learning_rate=0.1, loss='ls', max_depth=3,
                          max_features=None, max_leaf_nodes=None,
                          min_impurity_decrease=0.0, min_impurity_split=None,
                          min_samples_leaf=1, min_samples_split=2,
                          min_weight_fraction_leaf=0.0, n_estimators=100,
                          n_iter_no_change=None, presort='deprecated',
                          random_state=123, subsample=1.0, tol=0.0001,
                          validation_fraction=0.1, verbose=0, warm_start=False), model_name=deployment_05102020, model_only=False, verbose=True)
2020-10-05 13:27:32,852:INFO:deployment_05102020.pkl saved in current working directory
2020-10-05 13:27:32,861:INFO:Pipeline(memory=None,
         steps=[('dtypes',
                 DataTypes_Auto_infer(categorical_features=[],
                                      display_types=True, features_todrop=[],
                                      ml_usecase='regression',
                                      numerical_features=[], target='charges',
                                      time_features=[])),
                ('imputer',
                 Simple_Imputer(categorical_strategy='not_available',
                                numeric_strategy='mean',
                                target_variable=None)),
                ('new_levels1',
                 New_Catagorical_Levels...
                                           learning_rate=0.1, loss='ls',
                                           max_depth=3, max_features=None,
                                           max_leaf_nodes=None,
                                           min_impurity_decrease=0.0,
                                           min_impurity_split=None,
                                           min_samples_leaf=1,
                                           min_samples_split=2,
                                           min_weight_fraction_leaf=0.0,
                                           n_estimators=100,
                                           n_iter_no_change=None,
                                           presort='deprecated',
                                           random_state=123, subsample=1.0,
                                           tol=0.0001, validation_fraction=0.1,
                                           verbose=0, warm_start=False)]],
         verbose=False)
2020-10-05 13:27:32,861:INFO:save_model() succesfully completed......................................
